<?xml version="1.0" encoding="UTF-8"?>
<testng-results skipped="0" failed="8" total="42" passed="34">
  <reporter-output>
  </reporter-output>
  <suite name="Test Suite" duration-ms="49399" started-at="2019-12-23T07:08:44Z" finished-at="2019-12-23T07:09:33Z">
    <groups>
    </groups>
    <test name="Rest Basic Validations" duration-ms="49399" started-at="2019-12-23T07:08:44Z" finished-at="2019-12-23T07:09:33Z">
      <class name="com.qa.tests.HandlingSSL_TLS">
        <test-method status="PASS" signature="setUp()[pri:0, instance:com.qa.tests.HandlingSSL_TLS@4590c9c3]" name="setUp" is-config="true" duration-ms="4" started-at="2019-12-23T12:39:23Z" finished-at="2019-12-23T12:39:23Z">
          <reporter-output>
          </reporter-output>
        </test-method> <!-- setUp -->
        <test-method status="PASS" signature="testSSL()[pri:0, instance:com.qa.tests.HandlingSSL_TLS@4590c9c3]" name="testSSL" duration-ms="636" started-at="2019-12-23T12:39:23Z" finished-at="2019-12-23T12:39:24Z">
          <reporter-output>
          </reporter-output>
        </test-method> <!-- testSSL -->
        <test-method status="PASS" signature="testTLS()[pri:0, instance:com.qa.tests.HandlingSSL_TLS@4590c9c3]" name="testTLS" duration-ms="336" started-at="2019-12-23T12:39:24Z" finished-at="2019-12-23T12:39:24Z">
          <reporter-output>
          </reporter-output>
        </test-method> <!-- testTLS -->
      </class> <!-- com.qa.tests.HandlingSSL_TLS -->
      <class name="com.qa.tests.PostValidations">
        <test-method status="FAIL" signature="simplePost()[pri:0, instance:com.qa.tests.PostValidations@6574b225]" name="simplePost" duration-ms="567" started-at="2019-12-23T12:39:25Z" finished-at="2019-12-23T12:39:25Z">
          <exception class="java.lang.AssertionError">
            <message>
              <![CDATA[1 expectation failed.
Expected status code <201> but was <415>.
]]>
            </message>
            <full-stacktrace>
              <![CDATA[java.lang.AssertionError: 1 expectation failed.
Expected status code <201> but was <415>.

	at sun.reflect.NativeConstructorAccessorImpl.newInstance0(Native Method)
	at sun.reflect.NativeConstructorAccessorImpl.newInstance(NativeConstructorAccessorImpl.java:62)
	at sun.reflect.DelegatingConstructorAccessorImpl.newInstance(DelegatingConstructorAccessorImpl.java:45)
	at java.lang.reflect.Constructor.newInstance(Constructor.java:423)
	at org.codehaus.groovy.reflection.CachedConstructor.invoke(CachedConstructor.java:83)
	at org.codehaus.groovy.reflection.CachedConstructor.doConstructorInvoke(CachedConstructor.java:77)
	at org.codehaus.groovy.runtime.callsite.ConstructorSite$ConstructorSiteNoUnwrap.callConstructor(ConstructorSite.java:84)
	at org.codehaus.groovy.runtime.callsite.AbstractCallSite.callConstructor(AbstractCallSite.java:247)
	at io.restassured.internal.ResponseSpecificationImpl$HamcrestAssertionClosure.validate(ResponseSpecificationImpl.groovy:471)
	at io.restassured.internal.ResponseSpecificationImpl$HamcrestAssertionClosure$validate$1.call(Unknown Source)
	at io.restassured.internal.ResponseSpecificationImpl.validateResponseIfRequired(ResponseSpecificationImpl.groovy:636)
	at sun.reflect.GeneratedMethodAccessor66.invoke(Unknown Source)
	at sun.reflect.DelegatingMethodAccessorImpl.invoke(DelegatingMethodAccessorImpl.java:43)
	at java.lang.reflect.Method.invoke(Method.java:498)
	at org.codehaus.groovy.runtime.callsite.PogoMetaMethodSite$PogoCachedMethodSiteNoUnwrapNoCoerce.invoke(PogoMetaMethodSite.java:210)
	at org.codehaus.groovy.runtime.callsite.PogoMetaMethodSite.callCurrent(PogoMetaMethodSite.java:59)
	at org.codehaus.groovy.runtime.callsite.AbstractCallSite.callCurrent(AbstractCallSite.java:166)
	at io.restassured.internal.ResponseSpecificationImpl.statusCode(ResponseSpecificationImpl.groovy:122)
	at io.restassured.specification.ResponseSpecification$statusCode$0.callCurrent(Unknown Source)
	at io.restassured.internal.ResponseSpecificationImpl.statusCode(ResponseSpecificationImpl.groovy:130)
	at io.restassured.internal.ValidatableResponseOptionsImpl.statusCode(ValidatableResponseOptionsImpl.java:117)
	at com.qa.tests.PostValidations.simplePost(PostValidations.java:22)
	at sun.reflect.NativeMethodAccessorImpl.invoke0(Native Method)
	at sun.reflect.NativeMethodAccessorImpl.invoke(NativeMethodAccessorImpl.java:62)
	at sun.reflect.DelegatingMethodAccessorImpl.invoke(DelegatingMethodAccessorImpl.java:43)
	at java.lang.reflect.Method.invoke(Method.java:498)
	at org.testng.internal.MethodInvocationHelper.invokeMethod(MethodInvocationHelper.java:85)
	at org.testng.internal.Invoker.invokeMethod(Invoker.java:639)
	at org.testng.internal.Invoker.invokeTestMethod(Invoker.java:816)
	at org.testng.internal.Invoker.invokeTestMethods(Invoker.java:1124)
	at org.testng.internal.TestMethodWorker.invokeTestMethods(TestMethodWorker.java:125)
	at org.testng.internal.TestMethodWorker.run(TestMethodWorker.java:108)
	at java.util.concurrent.ThreadPoolExecutor.runWorker(ThreadPoolExecutor.java:1149)
	at java.util.concurrent.ThreadPoolExecutor$Worker.run(ThreadPoolExecutor.java:624)
	at java.lang.Thread.run(Thread.java:748)
]]>
            </full-stacktrace>
          </exception> <!-- java.lang.AssertionError -->
          <reporter-output>
          </reporter-output>
        </test-method> <!-- simplePost -->
        <test-method status="FAIL" signature="testCreateIssue()[pri:0, instance:com.qa.tests.PostValidations@6574b225]" name="testCreateIssue" duration-ms="5677" started-at="2019-12-23T12:39:25Z" finished-at="2019-12-23T12:39:31Z">
          <exception class="java.lang.AssertionError">
            <message>
              <![CDATA[1 expectation failed.
Expected status code <201> but was <500>.
]]>
            </message>
            <full-stacktrace>
              <![CDATA[java.lang.AssertionError: 1 expectation failed.
Expected status code <201> but was <500>.

	at sun.reflect.NativeConstructorAccessorImpl.newInstance0(Native Method)
	at sun.reflect.NativeConstructorAccessorImpl.newInstance(NativeConstructorAccessorImpl.java:62)
	at sun.reflect.DelegatingConstructorAccessorImpl.newInstance(DelegatingConstructorAccessorImpl.java:45)
	at java.lang.reflect.Constructor.newInstance(Constructor.java:423)
	at org.codehaus.groovy.reflection.CachedConstructor.invoke(CachedConstructor.java:83)
	at org.codehaus.groovy.reflection.CachedConstructor.doConstructorInvoke(CachedConstructor.java:77)
	at org.codehaus.groovy.runtime.callsite.ConstructorSite$ConstructorSiteNoUnwrap.callConstructor(ConstructorSite.java:84)
	at org.codehaus.groovy.runtime.callsite.AbstractCallSite.callConstructor(AbstractCallSite.java:247)
	at io.restassured.internal.ResponseSpecificationImpl$HamcrestAssertionClosure.validate(ResponseSpecificationImpl.groovy:471)
	at io.restassured.internal.ResponseSpecificationImpl$HamcrestAssertionClosure$validate$1.call(Unknown Source)
	at io.restassured.internal.ResponseSpecificationImpl.validateResponseIfRequired(ResponseSpecificationImpl.groovy:636)
	at sun.reflect.GeneratedMethodAccessor66.invoke(Unknown Source)
	at sun.reflect.DelegatingMethodAccessorImpl.invoke(DelegatingMethodAccessorImpl.java:43)
	at java.lang.reflect.Method.invoke(Method.java:498)
	at org.codehaus.groovy.runtime.callsite.PogoMetaMethodSite$PogoCachedMethodSiteNoUnwrapNoCoerce.invoke(PogoMetaMethodSite.java:210)
	at org.codehaus.groovy.runtime.callsite.PogoMetaMethodSite.callCurrent(PogoMetaMethodSite.java:59)
	at org.codehaus.groovy.runtime.callsite.AbstractCallSite.callCurrent(AbstractCallSite.java:166)
	at io.restassured.internal.ResponseSpecificationImpl.statusCode(ResponseSpecificationImpl.groovy:122)
	at io.restassured.specification.ResponseSpecification$statusCode$0.callCurrent(Unknown Source)
	at io.restassured.internal.ResponseSpecificationImpl.statusCode(ResponseSpecificationImpl.groovy:130)
	at io.restassured.internal.ValidatableResponseOptionsImpl.statusCode(ValidatableResponseOptionsImpl.java:117)
	at com.qa.tests.PostValidations.testCreateIssue(PostValidations.java:45)
	at sun.reflect.NativeMethodAccessorImpl.invoke0(Native Method)
	at sun.reflect.NativeMethodAccessorImpl.invoke(NativeMethodAccessorImpl.java:62)
	at sun.reflect.DelegatingMethodAccessorImpl.invoke(DelegatingMethodAccessorImpl.java:43)
	at java.lang.reflect.Method.invoke(Method.java:498)
	at org.testng.internal.MethodInvocationHelper.invokeMethod(MethodInvocationHelper.java:85)
	at org.testng.internal.Invoker.invokeMethod(Invoker.java:639)
	at org.testng.internal.Invoker.invokeTestMethod(Invoker.java:816)
	at org.testng.internal.Invoker.invokeTestMethods(Invoker.java:1124)
	at org.testng.internal.TestMethodWorker.invokeTestMethods(TestMethodWorker.java:125)
	at org.testng.internal.TestMethodWorker.run(TestMethodWorker.java:108)
	at java.util.concurrent.ThreadPoolExecutor.runWorker(ThreadPoolExecutor.java:1149)
	at java.util.concurrent.ThreadPoolExecutor$Worker.run(ThreadPoolExecutor.java:624)
	at java.lang.Thread.run(Thread.java:748)
]]>
            </full-stacktrace>
          </exception> <!-- java.lang.AssertionError -->
          <reporter-output>
          </reporter-output>
        </test-method> <!-- testCreateIssue -->
      </class> <!-- com.qa.tests.PostValidations -->
      <class name="com.qa.tests.FlobizAssignment">
        <test-method status="PASS" signature="loadResources()[pri:0, instance:com.qa.tests.FlobizAssignment@3c09711b]" name="loadResources" is-config="true" duration-ms="14" started-at="2019-12-23T12:38:44Z" finished-at="2019-12-23T12:38:44Z">
          <reporter-output>
          </reporter-output>
        </test-method> <!-- loadResources -->
        <test-method status="FAIL" signature="testCreateIssue()[pri:0, instance:com.qa.tests.FlobizAssignment@3c09711b]" name="testCreateIssue" duration-ms="8009" started-at="2019-12-23T12:38:44Z" finished-at="2019-12-23T12:38:52Z">
          <exception class="java.lang.AssertionError">
            <message>
              <![CDATA[1 expectation failed.
Expected status code <201> but was <500>.
]]>
            </message>
            <full-stacktrace>
              <![CDATA[java.lang.AssertionError: 1 expectation failed.
Expected status code <201> but was <500>.

	at sun.reflect.NativeConstructorAccessorImpl.newInstance0(Native Method)
	at sun.reflect.NativeConstructorAccessorImpl.newInstance(NativeConstructorAccessorImpl.java:62)
	at sun.reflect.DelegatingConstructorAccessorImpl.newInstance(DelegatingConstructorAccessorImpl.java:45)
	at java.lang.reflect.Constructor.newInstance(Constructor.java:423)
	at org.codehaus.groovy.reflection.CachedConstructor.invoke(CachedConstructor.java:83)
	at org.codehaus.groovy.reflection.CachedConstructor.doConstructorInvoke(CachedConstructor.java:77)
	at org.codehaus.groovy.runtime.callsite.ConstructorSite$ConstructorSiteNoUnwrap.callConstructor(ConstructorSite.java:84)
	at org.codehaus.groovy.runtime.callsite.CallSiteArray.defaultCallConstructor(CallSiteArray.java:60)
	at org.codehaus.groovy.runtime.callsite.AbstractCallSite.callConstructor(AbstractCallSite.java:235)
	at org.codehaus.groovy.runtime.callsite.AbstractCallSite.callConstructor(AbstractCallSite.java:247)
	at io.restassured.internal.ResponseSpecificationImpl$HamcrestAssertionClosure.validate(ResponseSpecificationImpl.groovy:471)
	at io.restassured.internal.ResponseSpecificationImpl$HamcrestAssertionClosure$validate$1.call(Unknown Source)
	at org.codehaus.groovy.runtime.callsite.CallSiteArray.defaultCall(CallSiteArray.java:48)
	at org.codehaus.groovy.runtime.callsite.AbstractCallSite.call(AbstractCallSite.java:113)
	at org.codehaus.groovy.runtime.callsite.AbstractCallSite.call(AbstractCallSite.java:125)
	at io.restassured.internal.ResponseSpecificationImpl.validateResponseIfRequired(ResponseSpecificationImpl.groovy:636)
	at sun.reflect.NativeMethodAccessorImpl.invoke0(Native Method)
	at sun.reflect.NativeMethodAccessorImpl.invoke(NativeMethodAccessorImpl.java:62)
	at sun.reflect.DelegatingMethodAccessorImpl.invoke(DelegatingMethodAccessorImpl.java:43)
	at java.lang.reflect.Method.invoke(Method.java:498)
	at org.codehaus.groovy.runtime.callsite.PogoMetaMethodSite$PogoCachedMethodSiteNoUnwrapNoCoerce.invoke(PogoMetaMethodSite.java:210)
	at org.codehaus.groovy.runtime.callsite.PogoMetaMethodSite.callCurrent(PogoMetaMethodSite.java:59)
	at org.codehaus.groovy.runtime.callsite.CallSiteArray.defaultCallCurrent(CallSiteArray.java:52)
	at org.codehaus.groovy.runtime.callsite.AbstractCallSite.callCurrent(AbstractCallSite.java:154)
	at org.codehaus.groovy.runtime.callsite.AbstractCallSite.callCurrent(AbstractCallSite.java:166)
	at io.restassured.internal.ResponseSpecificationImpl.statusCode(ResponseSpecificationImpl.groovy:122)
	at io.restassured.specification.ResponseSpecification$statusCode$0.callCurrent(Unknown Source)
	at org.codehaus.groovy.runtime.callsite.CallSiteArray.defaultCallCurrent(CallSiteArray.java:52)
	at org.codehaus.groovy.runtime.callsite.AbstractCallSite.callCurrent(AbstractCallSite.java:154)
	at org.codehaus.groovy.runtime.callsite.AbstractCallSite.callCurrent(AbstractCallSite.java:166)
	at io.restassured.internal.ResponseSpecificationImpl.statusCode(ResponseSpecificationImpl.groovy:130)
	at io.restassured.internal.ValidatableResponseOptionsImpl.statusCode(ValidatableResponseOptionsImpl.java:117)
	at com.qa.tests.FlobizAssignment.testCreateIssue(FlobizAssignment.java:127)
	at sun.reflect.NativeMethodAccessorImpl.invoke0(Native Method)
	at sun.reflect.NativeMethodAccessorImpl.invoke(NativeMethodAccessorImpl.java:62)
	at sun.reflect.DelegatingMethodAccessorImpl.invoke(DelegatingMethodAccessorImpl.java:43)
	at java.lang.reflect.Method.invoke(Method.java:498)
	at org.testng.internal.MethodInvocationHelper.invokeMethod(MethodInvocationHelper.java:85)
	at org.testng.internal.Invoker.invokeMethod(Invoker.java:639)
	at org.testng.internal.Invoker.invokeTestMethod(Invoker.java:816)
	at org.testng.internal.Invoker.invokeTestMethods(Invoker.java:1124)
	at org.testng.internal.TestMethodWorker.invokeTestMethods(TestMethodWorker.java:125)
	at org.testng.internal.TestMethodWorker.run(TestMethodWorker.java:108)
	at java.util.concurrent.ThreadPoolExecutor.runWorker(ThreadPoolExecutor.java:1149)
	at java.util.concurrent.ThreadPoolExecutor$Worker.run(ThreadPoolExecutor.java:624)
	at java.lang.Thread.run(Thread.java:748)
]]>
            </full-stacktrace>
          </exception> <!-- java.lang.AssertionError -->
          <reporter-output>
          </reporter-output>
        </test-method> <!-- testCreateIssue -->
        <test-method status="PASS" signature="testCreateIssueErrorMessage()[pri:0, instance:com.qa.tests.FlobizAssignment@3c09711b]" name="testCreateIssueErrorMessage" duration-ms="3789" started-at="2019-12-23T12:38:52Z" finished-at="2019-12-23T12:38:56Z">
          <reporter-output>
          </reporter-output>
        </test-method> <!-- testCreateIssueErrorMessage -->
        <test-method status="FAIL" signature="testIssueByFromEmail()[pri:0, instance:com.qa.tests.FlobizAssignment@3c09711b]" name="testIssueByFromEmail" duration-ms="1718" started-at="2019-12-23T12:38:56Z" finished-at="2019-12-23T12:38:57Z">
          <exception class="junit.framework.AssertionFailedError">
            <message>
              <![CDATA[expected:<true> but was:<false>]]>
            </message>
            <full-stacktrace>
              <![CDATA[junit.framework.AssertionFailedError: expected:<true> but was:<false>
	at junit.framework.Assert.fail(Assert.java:50)
	at junit.framework.Assert.failNotEquals(Assert.java:287)
	at junit.framework.Assert.assertEquals(Assert.java:67)
	at junit.framework.Assert.assertEquals(Assert.java:147)
	at junit.framework.Assert.assertEquals(Assert.java:153)
	at com.qa.tests.FlobizAssignment.testIssueByFromEmail(FlobizAssignment.java:101)
	at sun.reflect.NativeMethodAccessorImpl.invoke0(Native Method)
	at sun.reflect.NativeMethodAccessorImpl.invoke(NativeMethodAccessorImpl.java:62)
	at sun.reflect.DelegatingMethodAccessorImpl.invoke(DelegatingMethodAccessorImpl.java:43)
	at java.lang.reflect.Method.invoke(Method.java:498)
	at org.testng.internal.MethodInvocationHelper.invokeMethod(MethodInvocationHelper.java:85)
	at org.testng.internal.Invoker.invokeMethod(Invoker.java:639)
	at org.testng.internal.Invoker.invokeTestMethod(Invoker.java:816)
	at org.testng.internal.Invoker.invokeTestMethods(Invoker.java:1124)
	at org.testng.internal.TestMethodWorker.invokeTestMethods(TestMethodWorker.java:125)
	at org.testng.internal.TestMethodWorker.run(TestMethodWorker.java:108)
	at java.util.concurrent.ThreadPoolExecutor.runWorker(ThreadPoolExecutor.java:1149)
	at java.util.concurrent.ThreadPoolExecutor$Worker.run(ThreadPoolExecutor.java:624)
	at java.lang.Thread.run(Thread.java:748)
]]>
            </full-stacktrace>
          </exception> <!-- junit.framework.AssertionFailedError -->
          <reporter-output>
          </reporter-output>
        </test-method> <!-- testIssueByFromEmail -->
        <test-method status="PASS" signature="testIssueById()[pri:0, instance:com.qa.tests.FlobizAssignment@3c09711b]" name="testIssueById" duration-ms="1065" started-at="2019-12-23T12:38:57Z" finished-at="2019-12-23T12:38:58Z">
          <reporter-output>
          </reporter-output>
        </test-method> <!-- testIssueById -->
        <test-method status="PASS" signature="testListAll()[pri:0, instance:com.qa.tests.FlobizAssignment@3c09711b]" name="testListAll" duration-ms="1471" started-at="2019-12-23T12:38:58Z" finished-at="2019-12-23T12:39:00Z">
          <reporter-output>
          </reporter-output>
        </test-method> <!-- testListAll -->
        <test-method status="FAIL" signature="testModifyIssue()[pri:0, instance:com.qa.tests.FlobizAssignment@3c09711b]" name="testModifyIssue" duration-ms="1561" started-at="2019-12-23T12:39:00Z" finished-at="2019-12-23T12:39:01Z">
          <exception class="java.lang.AssertionError">
            <message>
              <![CDATA[1 expectation failed.
Expected status code <200> but was <500>.
]]>
            </message>
            <full-stacktrace>
              <![CDATA[java.lang.AssertionError: 1 expectation failed.
Expected status code <200> but was <500>.

	at sun.reflect.NativeConstructorAccessorImpl.newInstance0(Native Method)
	at sun.reflect.NativeConstructorAccessorImpl.newInstance(NativeConstructorAccessorImpl.java:62)
	at sun.reflect.DelegatingConstructorAccessorImpl.newInstance(DelegatingConstructorAccessorImpl.java:45)
	at java.lang.reflect.Constructor.newInstance(Constructor.java:423)
	at org.codehaus.groovy.reflection.CachedConstructor.invoke(CachedConstructor.java:83)
	at org.codehaus.groovy.reflection.CachedConstructor.doConstructorInvoke(CachedConstructor.java:77)
	at org.codehaus.groovy.runtime.callsite.ConstructorSite$ConstructorSiteNoUnwrap.callConstructor(ConstructorSite.java:84)
	at org.codehaus.groovy.runtime.callsite.AbstractCallSite.callConstructor(AbstractCallSite.java:247)
	at io.restassured.internal.ResponseSpecificationImpl$HamcrestAssertionClosure.validate(ResponseSpecificationImpl.groovy:471)
	at io.restassured.internal.ResponseSpecificationImpl$HamcrestAssertionClosure$validate$1.call(Unknown Source)
	at io.restassured.internal.ResponseSpecificationImpl.validateResponseIfRequired(ResponseSpecificationImpl.groovy:636)
	at sun.reflect.NativeMethodAccessorImpl.invoke0(Native Method)
	at sun.reflect.NativeMethodAccessorImpl.invoke(NativeMethodAccessorImpl.java:62)
	at sun.reflect.DelegatingMethodAccessorImpl.invoke(DelegatingMethodAccessorImpl.java:43)
	at java.lang.reflect.Method.invoke(Method.java:498)
	at org.codehaus.groovy.runtime.callsite.PogoMetaMethodSite$PogoCachedMethodSiteNoUnwrapNoCoerce.invoke(PogoMetaMethodSite.java:210)
	at org.codehaus.groovy.runtime.callsite.PogoMetaMethodSite.callCurrent(PogoMetaMethodSite.java:59)
	at org.codehaus.groovy.runtime.callsite.AbstractCallSite.callCurrent(AbstractCallSite.java:166)
	at io.restassured.internal.ResponseSpecificationImpl.statusCode(ResponseSpecificationImpl.groovy:122)
	at io.restassured.specification.ResponseSpecification$statusCode$0.callCurrent(Unknown Source)
	at io.restassured.internal.ResponseSpecificationImpl.statusCode(ResponseSpecificationImpl.groovy:130)
	at io.restassured.internal.ValidatableResponseOptionsImpl.statusCode(ValidatableResponseOptionsImpl.java:117)
	at com.qa.tests.FlobizAssignment.testModifyIssue(FlobizAssignment.java:146)
	at sun.reflect.NativeMethodAccessorImpl.invoke0(Native Method)
	at sun.reflect.NativeMethodAccessorImpl.invoke(NativeMethodAccessorImpl.java:62)
	at sun.reflect.DelegatingMethodAccessorImpl.invoke(DelegatingMethodAccessorImpl.java:43)
	at java.lang.reflect.Method.invoke(Method.java:498)
	at org.testng.internal.MethodInvocationHelper.invokeMethod(MethodInvocationHelper.java:85)
	at org.testng.internal.Invoker.invokeMethod(Invoker.java:639)
	at org.testng.internal.Invoker.invokeTestMethod(Invoker.java:816)
	at org.testng.internal.Invoker.invokeTestMethods(Invoker.java:1124)
	at org.testng.internal.TestMethodWorker.invokeTestMethods(TestMethodWorker.java:125)
	at org.testng.internal.TestMethodWorker.run(TestMethodWorker.java:108)
	at java.util.concurrent.ThreadPoolExecutor.runWorker(ThreadPoolExecutor.java:1149)
	at java.util.concurrent.ThreadPoolExecutor$Worker.run(ThreadPoolExecutor.java:624)
	at java.lang.Thread.run(Thread.java:748)
]]>
            </full-stacktrace>
          </exception> <!-- java.lang.AssertionError -->
          <reporter-output>
          </reporter-output>
        </test-method> <!-- testModifyIssue -->
        <test-method status="PASS" signature="testModifyIssueErrorMessage()[pri:0, instance:com.qa.tests.FlobizAssignment@3c09711b]" name="testModifyIssueErrorMessage" duration-ms="1318" started-at="2019-12-23T12:39:01Z" finished-at="2019-12-23T12:39:03Z">
          <reporter-output>
          </reporter-output>
        </test-method> <!-- testModifyIssueErrorMessage -->
      </class> <!-- com.qa.tests.FlobizAssignment -->
      <class name="com.qa.tests.GETValidations">
        <test-method status="PASS" signature="testEqualToFunction()[pri:0, instance:com.qa.tests.GETValidations@5cc7c2a6]" name="testEqualToFunction" duration-ms="1201" started-at="2019-12-23T12:39:03Z" finished-at="2019-12-23T12:39:04Z">
          <reporter-output>
          </reporter-output>
        </test-method> <!-- testEqualToFunction -->
        <test-method status="PASS" signature="testExractDetailWithPath()[pri:0, instance:com.qa.tests.GETValidations@5cc7c2a6]" name="testExractDetailWithPath" duration-ms="2469" started-at="2019-12-23T12:39:04Z" finished-at="2019-12-23T12:39:06Z">
          <reporter-output>
          </reporter-output>
        </test-method> <!-- testExractDetailWithPath -->
        <test-method status="PASS" signature="testExractResponse()[pri:0, instance:com.qa.tests.GETValidations@5cc7c2a6]" name="testExractResponse" duration-ms="316" started-at="2019-12-23T12:39:06Z" finished-at="2019-12-23T12:39:07Z">
          <reporter-output>
          </reporter-output>
        </test-method> <!-- testExractResponse -->
        <test-method status="PASS" signature="testHasItems()[pri:0, instance:com.qa.tests.GETValidations@5cc7c2a6]" name="testHasItems" duration-ms="331" started-at="2019-12-23T12:39:07Z" finished-at="2019-12-23T12:39:07Z">
          <reporter-output>
          </reporter-output>
        </test-method> <!-- testHasItems -->
        <test-method status="PASS" signature="testHeader()[pri:0, instance:com.qa.tests.GETValidations@5cc7c2a6]" name="testHeader" duration-ms="1450" started-at="2019-12-23T12:39:07Z" finished-at="2019-12-23T12:39:08Z">
          <reporter-output>
          </reporter-output>
        </test-method> <!-- testHeader -->
        <test-method status="FAIL" signature="testHeaderParameter()[pri:0, instance:com.qa.tests.GETValidations@5cc7c2a6]" name="testHeaderParameter" duration-ms="1134" started-at="2019-12-23T12:39:08Z" finished-at="2019-12-23T12:39:10Z">
          <exception class="java.lang.AssertionError">
            <message>
              <![CDATA[1 expectation failed.
Expected status code <200> but was <404>.
]]>
            </message>
            <full-stacktrace>
              <![CDATA[java.lang.AssertionError: 1 expectation failed.
Expected status code <200> but was <404>.

	at sun.reflect.NativeConstructorAccessorImpl.newInstance0(Native Method)
	at sun.reflect.NativeConstructorAccessorImpl.newInstance(NativeConstructorAccessorImpl.java:62)
	at sun.reflect.DelegatingConstructorAccessorImpl.newInstance(DelegatingConstructorAccessorImpl.java:45)
	at java.lang.reflect.Constructor.newInstance(Constructor.java:423)
	at org.codehaus.groovy.reflection.CachedConstructor.invoke(CachedConstructor.java:83)
	at org.codehaus.groovy.reflection.CachedConstructor.doConstructorInvoke(CachedConstructor.java:77)
	at org.codehaus.groovy.runtime.callsite.ConstructorSite$ConstructorSiteNoUnwrap.callConstructor(ConstructorSite.java:84)
	at org.codehaus.groovy.runtime.callsite.AbstractCallSite.callConstructor(AbstractCallSite.java:247)
	at io.restassured.internal.ResponseSpecificationImpl$HamcrestAssertionClosure.validate(ResponseSpecificationImpl.groovy:471)
	at io.restassured.internal.ResponseSpecificationImpl$HamcrestAssertionClosure$validate$1.call(Unknown Source)
	at io.restassured.internal.ResponseSpecificationImpl.validateResponseIfRequired(ResponseSpecificationImpl.groovy:636)
	at sun.reflect.GeneratedMethodAccessor66.invoke(Unknown Source)
	at sun.reflect.DelegatingMethodAccessorImpl.invoke(DelegatingMethodAccessorImpl.java:43)
	at java.lang.reflect.Method.invoke(Method.java:498)
	at org.codehaus.groovy.runtime.callsite.PogoMetaMethodSite$PogoCachedMethodSiteNoUnwrapNoCoerce.invoke(PogoMetaMethodSite.java:210)
	at org.codehaus.groovy.runtime.callsite.PogoMetaMethodSite.callCurrent(PogoMetaMethodSite.java:59)
	at org.codehaus.groovy.runtime.callsite.AbstractCallSite.callCurrent(AbstractCallSite.java:166)
	at io.restassured.internal.ResponseSpecificationImpl.statusCode(ResponseSpecificationImpl.groovy:122)
	at io.restassured.specification.ResponseSpecification$statusCode$0.callCurrent(Unknown Source)
	at io.restassured.internal.ResponseSpecificationImpl.statusCode(ResponseSpecificationImpl.groovy:130)
	at io.restassured.internal.ValidatableResponseOptionsImpl.statusCode(ValidatableResponseOptionsImpl.java:117)
	at com.qa.tests.GETValidations.testHeaderParameter(GETValidations.java:120)
	at sun.reflect.NativeMethodAccessorImpl.invoke0(Native Method)
	at sun.reflect.NativeMethodAccessorImpl.invoke(NativeMethodAccessorImpl.java:62)
	at sun.reflect.DelegatingMethodAccessorImpl.invoke(DelegatingMethodAccessorImpl.java:43)
	at java.lang.reflect.Method.invoke(Method.java:498)
	at org.testng.internal.MethodInvocationHelper.invokeMethod(MethodInvocationHelper.java:85)
	at org.testng.internal.Invoker.invokeMethod(Invoker.java:639)
	at org.testng.internal.Invoker.invokeTestMethod(Invoker.java:816)
	at org.testng.internal.Invoker.invokeTestMethods(Invoker.java:1124)
	at org.testng.internal.TestMethodWorker.invokeTestMethods(TestMethodWorker.java:125)
	at org.testng.internal.TestMethodWorker.run(TestMethodWorker.java:108)
	at java.util.concurrent.ThreadPoolExecutor.runWorker(ThreadPoolExecutor.java:1149)
	at java.util.concurrent.ThreadPoolExecutor$Worker.run(ThreadPoolExecutor.java:624)
	at java.lang.Thread.run(Thread.java:748)
]]>
            </full-stacktrace>
          </exception> <!-- java.lang.AssertionError -->
          <reporter-output>
          </reporter-output>
        </test-method> <!-- testHeaderParameter -->
        <test-method status="PASS" signature="testJSONarray()[pri:0, instance:com.qa.tests.GETValidations@5cc7c2a6]" name="testJSONarray" duration-ms="703" started-at="2019-12-23T12:39:10Z" finished-at="2019-12-23T12:39:10Z">
          <reporter-output>
          </reporter-output>
        </test-method> <!-- testJSONarray -->
        <test-method status="PASS" signature="testLogging()[pri:0, instance:com.qa.tests.GETValidations@5cc7c2a6]" name="testLogging" duration-ms="349" started-at="2019-12-23T12:39:10Z" finished-at="2019-12-23T12:39:11Z">
          <reporter-output>
          </reporter-output>
        </test-method> <!-- testLogging -->
        <test-method status="PASS" signature="testPathParameter()[pri:0, instance:com.qa.tests.GETValidations@5cc7c2a6]" name="testPathParameter" duration-ms="1036" started-at="2019-12-23T12:39:11Z" finished-at="2019-12-23T12:39:12Z">
          <reporter-output>
          </reporter-output>
        </test-method> <!-- testPathParameter -->
        <test-method status="PASS" signature="testQueryParameter()[pri:0, instance:com.qa.tests.GETValidations@5cc7c2a6]" name="testQueryParameter" duration-ms="1041" started-at="2019-12-23T12:39:12Z" finished-at="2019-12-23T12:39:13Z">
          <reporter-output>
          </reporter-output>
        </test-method> <!-- testQueryParameter -->
        <test-method status="PASS" signature="testSetCookies()[pri:0, instance:com.qa.tests.GETValidations@5cc7c2a6]" name="testSetCookies" duration-ms="2610" started-at="2019-12-23T12:39:13Z" finished-at="2019-12-23T12:39:15Z">
          <reporter-output>
          </reporter-output>
        </test-method> <!-- testSetCookies -->
        <test-method status="PASS" signature="testSetMultivalueParameter()[pri:0, instance:com.qa.tests.GETValidations@5cc7c2a6]" name="testSetMultivalueParameter" duration-ms="2296" started-at="2019-12-23T12:39:15Z" finished-at="2019-12-23T12:39:18Z">
          <reporter-output>
          </reporter-output>
        </test-method> <!-- testSetMultivalueParameter -->
        <test-method status="PASS" signature="testSetPathParameter()[pri:0, instance:com.qa.tests.GETValidations@5cc7c2a6]" name="testSetPathParameter" duration-ms="314" started-at="2019-12-23T12:39:18Z" finished-at="2019-12-23T12:39:18Z">
          <reporter-output>
          </reporter-output>
        </test-method> <!-- testSetPathParameter -->
        <test-method status="PASS" signature="testStatusCode()[pri:0, instance:com.qa.tests.GETValidations@5cc7c2a6]" name="testStatusCode" duration-ms="626" started-at="2019-12-23T12:39:18Z" finished-at="2019-12-23T12:39:19Z">
          <reporter-output>
          </reporter-output>
        </test-method> <!-- testStatusCode -->
        <test-method status="PASS" signature="testWithRoot()[pri:0, instance:com.qa.tests.GETValidations@5cc7c2a6]" name="testWithRoot" duration-ms="1339" started-at="2019-12-23T12:39:19Z" finished-at="2019-12-23T12:39:20Z">
          <reporter-output>
          </reporter-output>
        </test-method> <!-- testWithRoot -->
        <test-method status="PASS" signature="testxmlOutput()[pri:0, instance:com.qa.tests.GETValidations@5cc7c2a6]" name="testxmlOutput" duration-ms="920" started-at="2019-12-23T12:39:20Z" finished-at="2019-12-23T12:39:21Z">
          <reporter-output>
          </reporter-output>
        </test-method> <!-- testxmlOutput -->
      </class> <!-- com.qa.tests.GETValidations -->
      <class name="com.qa.tests.ResponseVerification">
        <test-method status="FAIL" signature="testCookiesInResponse()[pri:0, instance:com.qa.tests.ResponseVerification@2669b199]" name="testCookiesInResponse" duration-ms="189" started-at="2019-12-23T12:39:31Z" finished-at="2019-12-23T12:39:31Z">
          <exception class="java.lang.AssertionError">
            <message>
              <![CDATA[1 expectation failed.
Expected cookie "__cfduid" was not "ddfb7fa7cebeb7d4d698f28dad04e6a881575996976", was "d78e0dbe322bbf5b057f466e7dd59df731577084970".
]]>
            </message>
            <full-stacktrace>
              <![CDATA[java.lang.AssertionError: 1 expectation failed.
Expected cookie "__cfduid" was not "ddfb7fa7cebeb7d4d698f28dad04e6a881575996976", was "d78e0dbe322bbf5b057f466e7dd59df731577084970".

	at sun.reflect.NativeConstructorAccessorImpl.newInstance0(Native Method)
	at sun.reflect.NativeConstructorAccessorImpl.newInstance(NativeConstructorAccessorImpl.java:62)
	at sun.reflect.DelegatingConstructorAccessorImpl.newInstance(DelegatingConstructorAccessorImpl.java:45)
	at java.lang.reflect.Constructor.newInstance(Constructor.java:423)
	at org.codehaus.groovy.reflection.CachedConstructor.invoke(CachedConstructor.java:83)
	at org.codehaus.groovy.reflection.CachedConstructor.doConstructorInvoke(CachedConstructor.java:77)
	at org.codehaus.groovy.runtime.callsite.ConstructorSite$ConstructorSiteNoUnwrap.callConstructor(ConstructorSite.java:84)
	at org.codehaus.groovy.runtime.callsite.AbstractCallSite.callConstructor(AbstractCallSite.java:247)
	at io.restassured.internal.ResponseSpecificationImpl$HamcrestAssertionClosure.validate(ResponseSpecificationImpl.groovy:471)
	at io.restassured.internal.ResponseSpecificationImpl$HamcrestAssertionClosure$validate$1.call(Unknown Source)
	at io.restassured.internal.ResponseSpecificationImpl.validateResponseIfRequired(ResponseSpecificationImpl.groovy:636)
	at sun.reflect.GeneratedMethodAccessor66.invoke(Unknown Source)
	at sun.reflect.DelegatingMethodAccessorImpl.invoke(DelegatingMethodAccessorImpl.java:43)
	at java.lang.reflect.Method.invoke(Method.java:498)
	at org.codehaus.groovy.runtime.callsite.PogoMetaMethodSite$PogoCachedMethodSiteNoUnwrapNoCoerce.invoke(PogoMetaMethodSite.java:210)
	at org.codehaus.groovy.runtime.callsite.PogoMetaMethodSite.callCurrent(PogoMetaMethodSite.java:59)
	at org.codehaus.groovy.runtime.callsite.CallSiteArray.defaultCallCurrent(CallSiteArray.java:52)
	at org.codehaus.groovy.runtime.callsite.AbstractCallSite.callCurrent(AbstractCallSite.java:154)
	at org.codehaus.groovy.runtime.callsite.AbstractCallSite.callCurrent(AbstractCallSite.java:166)
	at io.restassured.internal.ResponseSpecificationImpl.cookie(ResponseSpecificationImpl.groovy:215)
	at io.restassured.specification.ResponseSpecification$cookie$5.callCurrent(Unknown Source)
	at org.codehaus.groovy.runtime.callsite.CallSiteArray.defaultCallCurrent(CallSiteArray.java:52)
	at org.codehaus.groovy.runtime.callsite.AbstractCallSite.callCurrent(AbstractCallSite.java:154)
	at org.codehaus.groovy.runtime.callsite.AbstractCallSite.callCurrent(AbstractCallSite.java:174)
	at io.restassured.internal.ResponseSpecificationImpl.cookie(ResponseSpecificationImpl.groovy:227)
	at io.restassured.internal.ValidatableResponseOptionsImpl.cookie(ValidatableResponseOptionsImpl.java:186)
	at com.qa.tests.ResponseVerification.testCookiesInResponse(ResponseVerification.java:49)
	at sun.reflect.NativeMethodAccessorImpl.invoke0(Native Method)
	at sun.reflect.NativeMethodAccessorImpl.invoke(NativeMethodAccessorImpl.java:62)
	at sun.reflect.DelegatingMethodAccessorImpl.invoke(DelegatingMethodAccessorImpl.java:43)
	at java.lang.reflect.Method.invoke(Method.java:498)
	at org.testng.internal.MethodInvocationHelper.invokeMethod(MethodInvocationHelper.java:85)
	at org.testng.internal.Invoker.invokeMethod(Invoker.java:639)
	at org.testng.internal.Invoker.invokeTestMethod(Invoker.java:816)
	at org.testng.internal.Invoker.invokeTestMethods(Invoker.java:1124)
	at org.testng.internal.TestMethodWorker.invokeTestMethods(TestMethodWorker.java:125)
	at org.testng.internal.TestMethodWorker.run(TestMethodWorker.java:108)
	at java.util.concurrent.ThreadPoolExecutor.runWorker(ThreadPoolExecutor.java:1149)
	at java.util.concurrent.ThreadPoolExecutor$Worker.run(ThreadPoolExecutor.java:624)
	at java.lang.Thread.run(Thread.java:748)
]]>
            </full-stacktrace>
          </exception> <!-- java.lang.AssertionError -->
          <reporter-output>
          </reporter-output>
        </test-method> <!-- testCookiesInResponse -->
        <test-method status="PASS" signature="testHeadersInResponse()[pri:0, instance:com.qa.tests.ResponseVerification@2669b199]" name="testHeadersInResponse" duration-ms="739" started-at="2019-12-23T12:39:31Z" finished-at="2019-12-23T12:39:32Z">
          <reporter-output>
          </reporter-output>
        </test-method> <!-- testHeadersInResponse -->
        <test-method status="PASS" signature="testResponseTime()[pri:0, instance:com.qa.tests.ResponseVerification@2669b199]" name="testResponseTime" duration-ms="508" started-at="2019-12-23T12:39:32Z" finished-at="2019-12-23T12:39:32Z">
          <reporter-output>
          </reporter-output>
        </test-method> <!-- testResponseTime -->
        <test-method status="PASS" signature="testStauslineInResponse()[pri:0, instance:com.qa.tests.ResponseVerification@2669b199]" name="testStauslineInResponse" duration-ms="515" started-at="2019-12-23T12:39:32Z" finished-at="2019-12-23T12:39:33Z">
          <reporter-output>
          </reporter-output>
        </test-method> <!-- testStauslineInResponse -->
      </class> <!-- com.qa.tests.ResponseVerification -->
      <class name="com.qa.tests.SpecBuilderValidation">
        <test-method status="PASS" signature="setUpReqSpec()[pri:0, instance:com.qa.tests.SpecBuilderValidation@2344fc66]" name="setUpReqSpec" is-config="true" duration-ms="3" started-at="2019-12-23T12:39:33Z" finished-at="2019-12-23T12:39:33Z">
          <reporter-output>
          </reporter-output>
        </test-method> <!-- setUpReqSpec -->
        <test-method status="PASS" signature="setUpResSpec()[pri:0, instance:com.qa.tests.SpecBuilderValidation@2344fc66]" name="setUpResSpec" is-config="true" duration-ms="4" started-at="2019-12-23T12:39:33Z" finished-at="2019-12-23T12:39:33Z">
          <reporter-output>
          </reporter-output>
        </test-method> <!-- setUpResSpec -->
        <test-method status="PASS" signature="testresponse()[pri:0, instance:com.qa.tests.SpecBuilderValidation@2344fc66]" name="testresponse" duration-ms="212" started-at="2019-12-23T12:39:33Z" finished-at="2019-12-23T12:39:33Z">
          <reporter-output>
          </reporter-output>
        </test-method> <!-- testresponse -->
      </class> <!-- com.qa.tests.SpecBuilderValidation -->
      <class name="com.qa.tests.GroovyFeatures">
        <test-method status="PASS" signature="testCountNodes()[pri:0, instance:com.qa.tests.GroovyFeatures@b97c004]" name="testCountNodes" duration-ms="357" started-at="2019-12-23T12:39:21Z" finished-at="2019-12-23T12:39:21Z">
          <reporter-output>
          </reporter-output>
        </test-method> <!-- testCountNodes -->
        <test-method status="PASS" signature="testHasItems()[pri:0, instance:com.qa.tests.GroovyFeatures@b97c004]" name="testHasItems" duration-ms="344" started-at="2019-12-23T12:39:21Z" finished-at="2019-12-23T12:39:22Z">
          <reporter-output>
          </reporter-output>
        </test-method> <!-- testHasItems -->
        <test-method status="PASS" signature="testJsonPath()[pri:0, instance:com.qa.tests.GroovyFeatures@b97c004]" name="testJsonPath" duration-ms="348" started-at="2019-12-23T12:39:22Z" finished-at="2019-12-23T12:39:22Z">
          <reporter-output>
          </reporter-output>
        </test-method> <!-- testJsonPath -->
        <test-method status="PASS" signature="testListOfNodes()[pri:0, instance:com.qa.tests.GroovyFeatures@b97c004]" name="testListOfNodes" duration-ms="345" started-at="2019-12-23T12:39:22Z" finished-at="2019-12-23T12:39:22Z">
          <reporter-output>
          </reporter-output>
        </test-method> <!-- testListOfNodes -->
        <test-method status="PASS" signature="testSchema()[pri:0, instance:com.qa.tests.GroovyFeatures@b97c004]" name="testSchema" duration-ms="677" started-at="2019-12-23T12:39:22Z" finished-at="2019-12-23T12:39:23Z">
          <reporter-output>
          </reporter-output>
        </test-method> <!-- testSchema -->
      </class> <!-- com.qa.tests.GroovyFeatures -->
      <class name="com.qa.tests.HeadersAndCookiesValidation">
        <test-method status="PASS" signature="testCookies()[pri:0, instance:com.qa.tests.HeadersAndCookiesValidation@32e6e9c3]" name="testCookies" duration-ms="181" started-at="2019-12-23T12:39:24Z" finished-at="2019-12-23T12:39:24Z">
          <reporter-output>
          </reporter-output>
        </test-method> <!-- testCookies -->
        <test-method status="PASS" signature="testDetailedCookies()[pri:0, instance:com.qa.tests.HeadersAndCookiesValidation@32e6e9c3]" name="testDetailedCookies" duration-ms="171" started-at="2019-12-23T12:39:24Z" finished-at="2019-12-23T12:39:24Z">
          <reporter-output>
          </reporter-output>
        </test-method> <!-- testDetailedCookies -->
        <test-method status="PASS" signature="testHeaders()[pri:0, instance:com.qa.tests.HeadersAndCookiesValidation@32e6e9c3]" name="testHeaders" duration-ms="181" started-at="2019-12-23T12:39:24Z" finished-at="2019-12-23T12:39:24Z">
          <reporter-output>
          </reporter-output>
        </test-method> <!-- testHeaders -->
        <test-method status="FAIL" signature="testSetMultiCookies()[pri:0, instance:com.qa.tests.HeadersAndCookiesValidation@32e6e9c3]" name="testSetMultiCookies" duration-ms="16" started-at="2019-12-23T12:39:24Z" finished-at="2019-12-23T12:39:24Z">
          <exception class="java.lang.AssertionError">
            <message>
              <![CDATA[1 expectation failed.
Expected status code <200> but was <403>.
]]>
            </message>
            <full-stacktrace>
              <![CDATA[java.lang.AssertionError: 1 expectation failed.
Expected status code <200> but was <403>.

	at sun.reflect.NativeConstructorAccessorImpl.newInstance0(Native Method)
	at sun.reflect.NativeConstructorAccessorImpl.newInstance(NativeConstructorAccessorImpl.java:62)
	at sun.reflect.DelegatingConstructorAccessorImpl.newInstance(DelegatingConstructorAccessorImpl.java:45)
	at java.lang.reflect.Constructor.newInstance(Constructor.java:423)
	at org.codehaus.groovy.reflection.CachedConstructor.invoke(CachedConstructor.java:83)
	at org.codehaus.groovy.reflection.CachedConstructor.doConstructorInvoke(CachedConstructor.java:77)
	at org.codehaus.groovy.runtime.callsite.ConstructorSite$ConstructorSiteNoUnwrap.callConstructor(ConstructorSite.java:84)
	at org.codehaus.groovy.runtime.callsite.AbstractCallSite.callConstructor(AbstractCallSite.java:247)
	at io.restassured.internal.ResponseSpecificationImpl$HamcrestAssertionClosure.validate(ResponseSpecificationImpl.groovy:471)
	at io.restassured.internal.ResponseSpecificationImpl$HamcrestAssertionClosure$validate$1.call(Unknown Source)
	at io.restassured.internal.ResponseSpecificationImpl.validateResponseIfRequired(ResponseSpecificationImpl.groovy:636)
	at sun.reflect.GeneratedMethodAccessor66.invoke(Unknown Source)
	at sun.reflect.DelegatingMethodAccessorImpl.invoke(DelegatingMethodAccessorImpl.java:43)
	at java.lang.reflect.Method.invoke(Method.java:498)
	at org.codehaus.groovy.runtime.callsite.PogoMetaMethodSite$PogoCachedMethodSiteNoUnwrapNoCoerce.invoke(PogoMetaMethodSite.java:210)
	at org.codehaus.groovy.runtime.callsite.PogoMetaMethodSite.callCurrent(PogoMetaMethodSite.java:59)
	at org.codehaus.groovy.runtime.callsite.AbstractCallSite.callCurrent(AbstractCallSite.java:166)
	at io.restassured.internal.ResponseSpecificationImpl.statusCode(ResponseSpecificationImpl.groovy:122)
	at io.restassured.specification.ResponseSpecification$statusCode$0.callCurrent(Unknown Source)
	at io.restassured.internal.ResponseSpecificationImpl.statusCode(ResponseSpecificationImpl.groovy:130)
	at io.restassured.internal.ValidatableResponseOptionsImpl.statusCode(ValidatableResponseOptionsImpl.java:117)
	at com.qa.tests.HeadersAndCookiesValidation.testSetMultiCookies(HeadersAndCookiesValidation.java:83)
	at sun.reflect.NativeMethodAccessorImpl.invoke0(Native Method)
	at sun.reflect.NativeMethodAccessorImpl.invoke(NativeMethodAccessorImpl.java:62)
	at sun.reflect.DelegatingMethodAccessorImpl.invoke(DelegatingMethodAccessorImpl.java:43)
	at java.lang.reflect.Method.invoke(Method.java:498)
	at org.testng.internal.MethodInvocationHelper.invokeMethod(MethodInvocationHelper.java:85)
	at org.testng.internal.Invoker.invokeMethod(Invoker.java:639)
	at org.testng.internal.Invoker.invokeTestMethod(Invoker.java:816)
	at org.testng.internal.Invoker.invokeTestMethods(Invoker.java:1124)
	at org.testng.internal.TestMethodWorker.invokeTestMethods(TestMethodWorker.java:125)
	at org.testng.internal.TestMethodWorker.run(TestMethodWorker.java:108)
	at java.util.concurrent.ThreadPoolExecutor.runWorker(ThreadPoolExecutor.java:1149)
	at java.util.concurrent.ThreadPoolExecutor$Worker.run(ThreadPoolExecutor.java:624)
	at java.lang.Thread.run(Thread.java:748)
]]>
            </full-stacktrace>
          </exception> <!-- java.lang.AssertionError -->
          <reporter-output>
          </reporter-output>
        </test-method> <!-- testSetMultiCookies -->
      </class> <!-- com.qa.tests.HeadersAndCookiesValidation -->
      <class name="com.qa.tests.LoggingValidations">
        <test-method status="PASS" signature="responseSpec()[pri:0, instance:com.qa.tests.LoggingValidations@5056dfcb]" name="responseSpec" is-config="true" duration-ms="0" started-at="2019-12-23T12:39:24Z" finished-at="2019-12-23T12:39:24Z">
          <reporter-output>
          </reporter-output>
        </test-method> <!-- responseSpec -->
        <test-method status="PASS" signature="loggingTest()[pri:0, instance:com.qa.tests.LoggingValidations@5056dfcb]" name="loggingTest" duration-ms="208" started-at="2019-12-23T12:39:24Z" finished-at="2019-12-23T12:39:25Z">
          <reporter-output>
          </reporter-output>
        </test-method> <!-- loggingTest -->
      </class> <!-- com.qa.tests.LoggingValidations -->
    </test> <!-- Rest Basic Validations -->
  </suite> <!-- Test Suite -->
</testng-results>
