<!DOCTYPE html>

<html>
  <head>
  <title>TestNG reports</title>

    <link type="text/css" href="testng-reports.css" rel="stylesheet" />  
    <script type="text/javascript" src="jquery-1.7.1.min.js"></script>
    <script type="text/javascript" src="testng-reports.js"></script>
    <script type="text/javascript" src="https://www.google.com/jsapi"></script>
    <script type='text/javascript'>
      google.load('visualization', '1', {packages:['table']});
      google.setOnLoadCallback(drawTable);
      var suiteTableInitFunctions = new Array();
      var suiteTableData = new Array();
    </script>
    <!--
      <script type="text/javascript" src="jquery-ui/js/jquery-ui-1.8.16.custom.min.js"></script>
     -->
  </head>

  <body>
    <div class="top-banner-root">
      <span class="top-banner-title-font">Test results</span>
      <br/>
      <span class="top-banner-font-1">1 suite, 8 failed tests</span>
    </div> <!-- top-banner-root -->
    <div class="navigator-root">
      <div class="navigator-suite-header">
        <span>All suites</span>
        <a href="#" class="collapse-all-link" title="Collapse/expand all the suites">
          <img class="collapse-all-icon" src="collapseall.gif">
          </img> <!-- collapse-all-icon -->
        </a> <!-- collapse-all-link -->
      </div> <!-- navigator-suite-header -->
      <div class="suite">
        <div class="rounded-window">
          <div class="suite-header light-rounded-window-top">
            <a href="#" class="navigator-link" panel-name="suite-Test_Suite">
              <span class="suite-name border-failed">Test Suite</span>
            </a> <!-- navigator-link -->
          </div> <!-- suite-header light-rounded-window-top -->
          <div class="navigator-suite-content">
            <div class="suite-section-title">
              <span>Info</span>
            </div> <!-- suite-section-title -->
            <div class="suite-section-content">
              <ul>
                <li>
                  <a href="#" class="navigator-link " panel-name="test-xml-Test_Suite">
                    <span>D:\WorkSpace\rest-assured-framework\Testng.xml</span>
                  </a> <!-- navigator-link  -->
                </li>
                <li>
                  <a href="#" class="navigator-link " panel-name="testlist-Test_Suite">
                    <span class="test-stats">1 test</span>
                  </a> <!-- navigator-link  -->
                </li>
                <li>
                  <a href="#" class="navigator-link " panel-name="group-Test_Suite">
                    <span>0 groups</span>
                  </a> <!-- navigator-link  -->
                </li>
                <li>
                  <a href="#" class="navigator-link " panel-name="times-Test_Suite">
                    <span>Times</span>
                  </a> <!-- navigator-link  -->
                </li>
                <li>
                  <a href="#" class="navigator-link " panel-name="reporter-Test_Suite">
                    <span>Reporter output</span>
                  </a> <!-- navigator-link  -->
                </li>
                <li>
                  <a href="#" class="navigator-link " panel-name="ignored-methods-Test_Suite">
                    <span>Ignored methods</span>
                  </a> <!-- navigator-link  -->
                </li>
                <li>
                  <a href="#" class="navigator-link " panel-name="chronological-Test_Suite">
                    <span>Chronological view</span>
                  </a> <!-- navigator-link  -->
                </li>
              </ul>
            </div> <!-- suite-section-content -->
            <div class="result-section">
              <div class="suite-section-title">
                <span>Results</span>
              </div> <!-- suite-section-title -->
              <div class="suite-section-content">
                <ul>
                  <li>
                    <span class="method-stats">42 methods, 8 failed,   34 passed</span>
                  </li>
                  <li>
                    <span class="method-list-title failed">Failed methods</span>
                    <span class="show-or-hide-methods failed">
                      <a href="#" panel-name="suite-Test_Suite" class="hide-methods failed suite-Test_Suite"> (hide)</a> <!-- hide-methods failed suite-Test_Suite -->
                      <a href="#" panel-name="suite-Test_Suite" class="show-methods failed suite-Test_Suite"> (show)</a> <!-- show-methods failed suite-Test_Suite -->
                    </span>
                    <div class="method-list-content failed suite-Test_Suite">
                      <span>
                        <img width="3%" src="failed.png"/>
                        <a href="#" class="method navigator-link" panel-name="suite-Test_Suite" title="com.qa.tests.PostValidations" hash-for-method="simplePost">simplePost</a> <!-- method navigator-link -->
                      </span>
                      <br/>
                      <span>
                        <img width="3%" src="failed.png"/>
                        <a href="#" class="method navigator-link" panel-name="suite-Test_Suite" title="com.qa.tests.ResponseVerification" hash-for-method="testCookiesInResponse">testCookiesInResponse</a> <!-- method navigator-link -->
                      </span>
                      <br/>
                      <span>
                        <img width="3%" src="failed.png"/>
                        <a href="#" class="method navigator-link" panel-name="suite-Test_Suite" title="com.qa.tests.FlobizAssignment" hash-for-method="testCreateIssue">testCreateIssue</a> <!-- method navigator-link -->
                      </span>
                      <br/>
                      <span>
                        <img width="3%" src="failed.png"/>
                        <a href="#" class="method navigator-link" panel-name="suite-Test_Suite" title="com.qa.tests.PostValidations" hash-for-method="testCreateIssue">testCreateIssue</a> <!-- method navigator-link -->
                      </span>
                      <br/>
                      <span>
                        <img width="3%" src="failed.png"/>
                        <a href="#" class="method navigator-link" panel-name="suite-Test_Suite" title="com.qa.tests.GETValidations" hash-for-method="testHeaderParameter">testHeaderParameter</a> <!-- method navigator-link -->
                      </span>
                      <br/>
                      <span>
                        <img width="3%" src="failed.png"/>
                        <a href="#" class="method navigator-link" panel-name="suite-Test_Suite" title="com.qa.tests.FlobizAssignment" hash-for-method="testIssueByFromEmail">testIssueByFromEmail</a> <!-- method navigator-link -->
                      </span>
                      <br/>
                      <span>
                        <img width="3%" src="failed.png"/>
                        <a href="#" class="method navigator-link" panel-name="suite-Test_Suite" title="com.qa.tests.FlobizAssignment" hash-for-method="testModifyIssue">testModifyIssue</a> <!-- method navigator-link -->
                      </span>
                      <br/>
                      <span>
                        <img width="3%" src="failed.png"/>
                        <a href="#" class="method navigator-link" panel-name="suite-Test_Suite" title="com.qa.tests.HeadersAndCookiesValidation" hash-for-method="testSetMultiCookies">testSetMultiCookies</a> <!-- method navigator-link -->
                      </span>
                      <br/>
                    </div> <!-- method-list-content failed suite-Test_Suite -->
                  </li>
                  <li>
                    <span class="method-list-title passed">Passed methods</span>
                    <span class="show-or-hide-methods passed">
                      <a href="#" panel-name="suite-Test_Suite" class="hide-methods passed suite-Test_Suite"> (hide)</a> <!-- hide-methods passed suite-Test_Suite -->
                      <a href="#" panel-name="suite-Test_Suite" class="show-methods passed suite-Test_Suite"> (show)</a> <!-- show-methods passed suite-Test_Suite -->
                    </span>
                    <div class="method-list-content passed suite-Test_Suite">
                      <span>
                        <img width="3%" src="passed.png"/>
                        <a href="#" class="method navigator-link" panel-name="suite-Test_Suite" title="com.qa.tests.LoggingValidations" hash-for-method="loggingTest">loggingTest</a> <!-- method navigator-link -->
                      </span>
                      <br/>
                      <span>
                        <img width="3%" src="passed.png"/>
                        <a href="#" class="method navigator-link" panel-name="suite-Test_Suite" title="com.qa.tests.HeadersAndCookiesValidation" hash-for-method="testCookies">testCookies</a> <!-- method navigator-link -->
                      </span>
                      <br/>
                      <span>
                        <img width="3%" src="passed.png"/>
                        <a href="#" class="method navigator-link" panel-name="suite-Test_Suite" title="com.qa.tests.GroovyFeatures" hash-for-method="testCountNodes">testCountNodes</a> <!-- method navigator-link -->
                      </span>
                      <br/>
                      <span>
                        <img width="3%" src="passed.png"/>
                        <a href="#" class="method navigator-link" panel-name="suite-Test_Suite" title="com.qa.tests.FlobizAssignment" hash-for-method="testCreateIssueErrorMessage">testCreateIssueErrorMessage</a> <!-- method navigator-link -->
                      </span>
                      <br/>
                      <span>
                        <img width="3%" src="passed.png"/>
                        <a href="#" class="method navigator-link" panel-name="suite-Test_Suite" title="com.qa.tests.HeadersAndCookiesValidation" hash-for-method="testDetailedCookies">testDetailedCookies</a> <!-- method navigator-link -->
                      </span>
                      <br/>
                      <span>
                        <img width="3%" src="passed.png"/>
                        <a href="#" class="method navigator-link" panel-name="suite-Test_Suite" title="com.qa.tests.GETValidations" hash-for-method="testEqualToFunction">testEqualToFunction</a> <!-- method navigator-link -->
                      </span>
                      <br/>
                      <span>
                        <img width="3%" src="passed.png"/>
                        <a href="#" class="method navigator-link" panel-name="suite-Test_Suite" title="com.qa.tests.GETValidations" hash-for-method="testExractDetailWithPath">testExractDetailWithPath</a> <!-- method navigator-link -->
                      </span>
                      <br/>
                      <span>
                        <img width="3%" src="passed.png"/>
                        <a href="#" class="method navigator-link" panel-name="suite-Test_Suite" title="com.qa.tests.GETValidations" hash-for-method="testExractResponse">testExractResponse</a> <!-- method navigator-link -->
                      </span>
                      <br/>
                      <span>
                        <img width="3%" src="passed.png"/>
                        <a href="#" class="method navigator-link" panel-name="suite-Test_Suite" title="com.qa.tests.GroovyFeatures" hash-for-method="testHasItems">testHasItems</a> <!-- method navigator-link -->
                      </span>
                      <br/>
                      <span>
                        <img width="3%" src="passed.png"/>
                        <a href="#" class="method navigator-link" panel-name="suite-Test_Suite" title="com.qa.tests.GETValidations" hash-for-method="testHasItems">testHasItems</a> <!-- method navigator-link -->
                      </span>
                      <br/>
                      <span>
                        <img width="3%" src="passed.png"/>
                        <a href="#" class="method navigator-link" panel-name="suite-Test_Suite" title="com.qa.tests.GETValidations" hash-for-method="testHeader">testHeader</a> <!-- method navigator-link -->
                      </span>
                      <br/>
                      <span>
                        <img width="3%" src="passed.png"/>
                        <a href="#" class="method navigator-link" panel-name="suite-Test_Suite" title="com.qa.tests.HeadersAndCookiesValidation" hash-for-method="testHeaders">testHeaders</a> <!-- method navigator-link -->
                      </span>
                      <br/>
                      <span>
                        <img width="3%" src="passed.png"/>
                        <a href="#" class="method navigator-link" panel-name="suite-Test_Suite" title="com.qa.tests.ResponseVerification" hash-for-method="testHeadersInResponse">testHeadersInResponse</a> <!-- method navigator-link -->
                      </span>
                      <br/>
                      <span>
                        <img width="3%" src="passed.png"/>
                        <a href="#" class="method navigator-link" panel-name="suite-Test_Suite" title="com.qa.tests.FlobizAssignment" hash-for-method="testIssueById">testIssueById</a> <!-- method navigator-link -->
                      </span>
                      <br/>
                      <span>
                        <img width="3%" src="passed.png"/>
                        <a href="#" class="method navigator-link" panel-name="suite-Test_Suite" title="com.qa.tests.GETValidations" hash-for-method="testJSONarray">testJSONarray</a> <!-- method navigator-link -->
                      </span>
                      <br/>
                      <span>
                        <img width="3%" src="passed.png"/>
                        <a href="#" class="method navigator-link" panel-name="suite-Test_Suite" title="com.qa.tests.GroovyFeatures" hash-for-method="testJsonPath">testJsonPath</a> <!-- method navigator-link -->
                      </span>
                      <br/>
                      <span>
                        <img width="3%" src="passed.png"/>
                        <a href="#" class="method navigator-link" panel-name="suite-Test_Suite" title="com.qa.tests.FlobizAssignment" hash-for-method="testListAll">testListAll</a> <!-- method navigator-link -->
                      </span>
                      <br/>
                      <span>
                        <img width="3%" src="passed.png"/>
                        <a href="#" class="method navigator-link" panel-name="suite-Test_Suite" title="com.qa.tests.GroovyFeatures" hash-for-method="testListOfNodes">testListOfNodes</a> <!-- method navigator-link -->
                      </span>
                      <br/>
                      <span>
                        <img width="3%" src="passed.png"/>
                        <a href="#" class="method navigator-link" panel-name="suite-Test_Suite" title="com.qa.tests.GETValidations" hash-for-method="testLogging">testLogging</a> <!-- method navigator-link -->
                      </span>
                      <br/>
                      <span>
                        <img width="3%" src="passed.png"/>
                        <a href="#" class="method navigator-link" panel-name="suite-Test_Suite" title="com.qa.tests.FlobizAssignment" hash-for-method="testModifyIssueErrorMessage">testModifyIssueErrorMessage</a> <!-- method navigator-link -->
                      </span>
                      <br/>
                      <span>
                        <img width="3%" src="passed.png"/>
                        <a href="#" class="method navigator-link" panel-name="suite-Test_Suite" title="com.qa.tests.GETValidations" hash-for-method="testPathParameter">testPathParameter</a> <!-- method navigator-link -->
                      </span>
                      <br/>
                      <span>
                        <img width="3%" src="passed.png"/>
                        <a href="#" class="method navigator-link" panel-name="suite-Test_Suite" title="com.qa.tests.GETValidations" hash-for-method="testQueryParameter">testQueryParameter</a> <!-- method navigator-link -->
                      </span>
                      <br/>
                      <span>
                        <img width="3%" src="passed.png"/>
                        <a href="#" class="method navigator-link" panel-name="suite-Test_Suite" title="com.qa.tests.ResponseVerification" hash-for-method="testResponseTime">testResponseTime</a> <!-- method navigator-link -->
                      </span>
                      <br/>
                      <span>
                        <img width="3%" src="passed.png"/>
                        <a href="#" class="method navigator-link" panel-name="suite-Test_Suite" title="com.qa.tests.HandlingSSL_TLS" hash-for-method="testSSL">testSSL</a> <!-- method navigator-link -->
                      </span>
                      <br/>
                      <span>
                        <img width="3%" src="passed.png"/>
                        <a href="#" class="method navigator-link" panel-name="suite-Test_Suite" title="com.qa.tests.GroovyFeatures" hash-for-method="testSchema">testSchema</a> <!-- method navigator-link -->
                      </span>
                      <br/>
                      <span>
                        <img width="3%" src="passed.png"/>
                        <a href="#" class="method navigator-link" panel-name="suite-Test_Suite" title="com.qa.tests.GETValidations" hash-for-method="testSetCookies">testSetCookies</a> <!-- method navigator-link -->
                      </span>
                      <br/>
                      <span>
                        <img width="3%" src="passed.png"/>
                        <a href="#" class="method navigator-link" panel-name="suite-Test_Suite" title="com.qa.tests.GETValidations" hash-for-method="testSetMultivalueParameter">testSetMultivalueParameter</a> <!-- method navigator-link -->
                      </span>
                      <br/>
                      <span>
                        <img width="3%" src="passed.png"/>
                        <a href="#" class="method navigator-link" panel-name="suite-Test_Suite" title="com.qa.tests.GETValidations" hash-for-method="testSetPathParameter">testSetPathParameter</a> <!-- method navigator-link -->
                      </span>
                      <br/>
                      <span>
                        <img width="3%" src="passed.png"/>
                        <a href="#" class="method navigator-link" panel-name="suite-Test_Suite" title="com.qa.tests.GETValidations" hash-for-method="testStatusCode">testStatusCode</a> <!-- method navigator-link -->
                      </span>
                      <br/>
                      <span>
                        <img width="3%" src="passed.png"/>
                        <a href="#" class="method navigator-link" panel-name="suite-Test_Suite" title="com.qa.tests.ResponseVerification" hash-for-method="testStauslineInResponse">testStauslineInResponse</a> <!-- method navigator-link -->
                      </span>
                      <br/>
                      <span>
                        <img width="3%" src="passed.png"/>
                        <a href="#" class="method navigator-link" panel-name="suite-Test_Suite" title="com.qa.tests.HandlingSSL_TLS" hash-for-method="testTLS">testTLS</a> <!-- method navigator-link -->
                      </span>
                      <br/>
                      <span>
                        <img width="3%" src="passed.png"/>
                        <a href="#" class="method navigator-link" panel-name="suite-Test_Suite" title="com.qa.tests.GETValidations" hash-for-method="testWithRoot">testWithRoot</a> <!-- method navigator-link -->
                      </span>
                      <br/>
                      <span>
                        <img width="3%" src="passed.png"/>
                        <a href="#" class="method navigator-link" panel-name="suite-Test_Suite" title="com.qa.tests.SpecBuilderValidation" hash-for-method="testresponse">testresponse</a> <!-- method navigator-link -->
                      </span>
                      <br/>
                      <span>
                        <img width="3%" src="passed.png"/>
                        <a href="#" class="method navigator-link" panel-name="suite-Test_Suite" title="com.qa.tests.GETValidations" hash-for-method="testxmlOutput">testxmlOutput</a> <!-- method navigator-link -->
                      </span>
                      <br/>
                    </div> <!-- method-list-content passed suite-Test_Suite -->
                  </li>
                </ul>
              </div> <!-- suite-section-content -->
            </div> <!-- result-section -->
          </div> <!-- navigator-suite-content -->
        </div> <!-- rounded-window -->
      </div> <!-- suite -->
    </div> <!-- navigator-root -->
    <div class="wrapper">
      <div class="main-panel-root">
        <div panel-name="suite-Test_Suite" class="panel Test_Suite">
          <div class="suite-Test_Suite-class-failed">
            <div class="main-panel-header rounded-window-top">
              <img src="failed.png"/>
              <span class="class-name">com.qa.tests.PostValidations</span>
            </div> <!-- main-panel-header rounded-window-top -->
            <div class="main-panel-content rounded-window-bottom">
              <div class="method">
                <div class="method-content">
                  <a name="simplePost">
                  </a> <!-- simplePost -->
                  <span class="method-name">simplePost</span>
                  <div class="stack-trace">java.lang.AssertionError: 1 expectation failed.
Expected status code &lt;201&gt; but was &lt;415&gt;.

	at org.codehaus.groovy.runtime.callsite.ConstructorSite$ConstructorSiteNoUnwrap.callConstructor(ConstructorSite.java:84)
	at org.codehaus.groovy.runtime.callsite.AbstractCallSite.callConstructor(AbstractCallSite.java:247)
	at io.restassured.internal.ResponseSpecificationImpl$HamcrestAssertionClosure.validate(ResponseSpecificationImpl.groovy:471)
	at io.restassured.internal.ResponseSpecificationImpl$HamcrestAssertionClosure$validate$1.call(Unknown Source)
	at io.restassured.internal.ResponseSpecificationImpl.validateResponseIfRequired(ResponseSpecificationImpl.groovy:636)
	at org.codehaus.groovy.runtime.callsite.PogoMetaMethodSite$PogoCachedMethodSiteNoUnwrapNoCoerce.invoke(PogoMetaMethodSite.java:210)
	at org.codehaus.groovy.runtime.callsite.PogoMetaMethodSite.callCurrent(PogoMetaMethodSite.java:59)
	at org.codehaus.groovy.runtime.callsite.AbstractCallSite.callCurrent(AbstractCallSite.java:166)
	at io.restassured.internal.ResponseSpecificationImpl.statusCode(ResponseSpecificationImpl.groovy:122)
	at io.restassured.specification.ResponseSpecification$statusCode$0.callCurrent(Unknown Source)
	at io.restassured.internal.ResponseSpecificationImpl.statusCode(ResponseSpecificationImpl.groovy:130)
	at io.restassured.internal.ValidatableResponseOptionsImpl.statusCode(ValidatableResponseOptionsImpl.java:117)
	at com.qa.tests.PostValidations.simplePost(PostValidations.java:22)
	at java.util.concurrent.ThreadPoolExecutor.runWorker(ThreadPoolExecutor.java:1149)
	at java.util.concurrent.ThreadPoolExecutor$Worker.run(ThreadPoolExecutor.java:624)
	at java.lang.Thread.run(Thread.java:748)
... Removed 19 stack frames
</div> <!-- stack-trace -->
                </div> <!-- method-content -->
              </div> <!-- method -->
              <div class="method">
                <div class="method-content">
                  <a name="testCreateIssue">
                  </a> <!-- testCreateIssue -->
                  <span class="method-name">testCreateIssue</span>
                  <div class="stack-trace">java.lang.AssertionError: 1 expectation failed.
Expected status code &lt;201&gt; but was &lt;500&gt;.

	at org.codehaus.groovy.runtime.callsite.ConstructorSite$ConstructorSiteNoUnwrap.callConstructor(ConstructorSite.java:84)
	at org.codehaus.groovy.runtime.callsite.AbstractCallSite.callConstructor(AbstractCallSite.java:247)
	at io.restassured.internal.ResponseSpecificationImpl$HamcrestAssertionClosure.validate(ResponseSpecificationImpl.groovy:471)
	at io.restassured.internal.ResponseSpecificationImpl$HamcrestAssertionClosure$validate$1.call(Unknown Source)
	at io.restassured.internal.ResponseSpecificationImpl.validateResponseIfRequired(ResponseSpecificationImpl.groovy:636)
	at org.codehaus.groovy.runtime.callsite.PogoMetaMethodSite$PogoCachedMethodSiteNoUnwrapNoCoerce.invoke(PogoMetaMethodSite.java:210)
	at org.codehaus.groovy.runtime.callsite.PogoMetaMethodSite.callCurrent(PogoMetaMethodSite.java:59)
	at org.codehaus.groovy.runtime.callsite.AbstractCallSite.callCurrent(AbstractCallSite.java:166)
	at io.restassured.internal.ResponseSpecificationImpl.statusCode(ResponseSpecificationImpl.groovy:122)
	at io.restassured.specification.ResponseSpecification$statusCode$0.callCurrent(Unknown Source)
	at io.restassured.internal.ResponseSpecificationImpl.statusCode(ResponseSpecificationImpl.groovy:130)
	at io.restassured.internal.ValidatableResponseOptionsImpl.statusCode(ValidatableResponseOptionsImpl.java:117)
	at com.qa.tests.PostValidations.testCreateIssue(PostValidations.java:45)
	at java.util.concurrent.ThreadPoolExecutor.runWorker(ThreadPoolExecutor.java:1149)
	at java.util.concurrent.ThreadPoolExecutor$Worker.run(ThreadPoolExecutor.java:624)
	at java.lang.Thread.run(Thread.java:748)
... Removed 19 stack frames
</div> <!-- stack-trace -->
                </div> <!-- method-content -->
              </div> <!-- method -->
            </div> <!-- main-panel-content rounded-window-bottom -->
          </div> <!-- suite-Test_Suite-class-failed -->
          <div class="suite-Test_Suite-class-failed">
            <div class="main-panel-header rounded-window-top">
              <img src="failed.png"/>
              <span class="class-name">com.qa.tests.HeadersAndCookiesValidation</span>
            </div> <!-- main-panel-header rounded-window-top -->
            <div class="main-panel-content rounded-window-bottom">
              <div class="method">
                <div class="method-content">
                  <a name="testSetMultiCookies">
                  </a> <!-- testSetMultiCookies -->
                  <span class="method-name">testSetMultiCookies</span>
                  <div class="stack-trace">java.net.ConnectException: Connection refused: connect
	at java.net.DualStackPlainSocketImpl.connect0(Native Method)
	at java.net.DualStackPlainSocketImpl.socketConnect(DualStackPlainSocketImpl.java:79)
	at java.net.AbstractPlainSocketImpl.doConnect(AbstractPlainSocketImpl.java:350)
	at java.net.AbstractPlainSocketImpl.connectToAddress(AbstractPlainSocketImpl.java:206)
	at java.net.AbstractPlainSocketImpl.connect(AbstractPlainSocketImpl.java:188)
	at java.net.PlainSocketImpl.connect(PlainSocketImpl.java:172)
	at java.net.SocksSocketImpl.connect(SocksSocketImpl.java:392)
	at java.net.Socket.connect(Socket.java:606)
	at org.apache.http.conn.scheme.PlainSocketFactory.connectSocket(PlainSocketFactory.java:120)
	at org.apache.http.impl.conn.DefaultClientConnectionOperator.openConnection(DefaultClientConnectionOperator.java:179)
	at org.apache.http.impl.conn.ManagedClientConnectionImpl.open(ManagedClientConnectionImpl.java:328)
	at org.apache.http.impl.client.DefaultRequestDirector.tryConnect(DefaultRequestDirector.java:612)
	at org.apache.http.impl.client.DefaultRequestDirector.execute(DefaultRequestDirector.java:447)
	at org.apache.http.impl.client.AbstractHttpClient.doExecute(AbstractHttpClient.java:884)
	at org.apache.http.impl.client.CloseableHttpClient.execute(CloseableHttpClient.java:82)
	at org.apache.http.impl.client.CloseableHttpClient.execute(CloseableHttpClient.java:55)
	at org.apache.http.client.HttpClient$execute$0.call(Unknown Source)
	at io.restassured.internal.RequestSpecificationImpl$RestAssuredHttpBuilder.doRequest(RequestSpecificationImpl.groovy:2119)
	at io.restassured.internal.http.HTTPBuilder.doRequest(HTTPBuilder.java:494)
	at io.restassured.internal.http.HTTPBuilder.request(HTTPBuilder.java:451)
	at io.restassured.internal.http.HTTPBuilder$request$3.call(Unknown Source)
	at io.restassured.internal.RequestSpecificationImpl.sendHttpRequest(RequestSpecificationImpl.groovy:1522)
	at groovy.lang.MetaMethod.doMethodInvoke(MetaMethod.java:325)
	at groovy.lang.MetaClassImpl.invokeMethod(MetaClassImpl.java:1212)
	at groovy.lang.MetaClassImpl.invokeMethod(MetaClassImpl.java:1021)
	at groovy.lang.MetaClassImpl.invokeMethod(MetaClassImpl.java:812)
	at io.restassured.internal.RequestSpecificationImpl.invokeMethod(RequestSpecificationImpl.groovy)
	at org.codehaus.groovy.runtime.callsite.PogoInterceptableSite.call(PogoInterceptableSite.java:48)
	at org.codehaus.groovy.runtime.callsite.PogoInterceptableSite.callCurrent(PogoInterceptableSite.java:58)
	at io.restassured.internal.RequestSpecificationImpl.sendRequest(RequestSpecificationImpl.groovy:1288)
	at groovy.lang.MetaMethod.doMethodInvoke(MetaMethod.java:325)
	at groovy.lang.MetaClassImpl.invokeMethod(MetaClassImpl.java:1212)
	at groovy.lang.MetaClassImpl.invokeMethod(MetaClassImpl.java:1021)
	at groovy.lang.MetaClassImpl.invokeMethod(MetaClassImpl.java:812)
	at io.restassured.internal.RequestSpecificationImpl.invokeMethod(RequestSpecificationImpl.groovy)
	at org.codehaus.groovy.runtime.callsite.PogoInterceptableSite.call(PogoInterceptableSite.java:48)
	at org.codehaus.groovy.runtime.callsite.AbstractCallSite.call(AbstractCallSite.java:149)
	at io.restassured.internal.filter.SendRequestFilter.filter(SendRequestFilter.groovy:30)
	at io.restassured.filter.Filter$filter$0.call(Unknown Source)
	at org.codehaus.groovy.runtime.callsite.CallSiteArray.defaultCall(CallSiteArray.java:48)
	at io.restassured.filter.Filter$filter.call(Unknown Source)
	at io.restassured.internal.filter.FilterContextImpl.next(FilterContextImpl.groovy:72)
	at io.restassured.filter.time.TimingFilter.filter(TimingFilter.java:56)
	at io.restassured.filter.Filter$filter.call(Unknown Source)
	at org.codehaus.groovy.runtime.callsite.CallSiteArray.defaultCall(CallSiteArray.java:48)
	at io.restassured.filter.Filter$filter$0.call(Unknown Source)
	at io.restassured.internal.filter.FilterContextImpl.next(FilterContextImpl.groovy:72)
	at io.restassured.filter.FilterContext$next.call(Unknown Source)
	at io.restassured.internal.RequestSpecificationImpl.applyPathParamsAndSendRequest(RequestSpecificationImpl.groovy:1722)
	at groovy.lang.MetaMethod.doMethodInvoke(MetaMethod.java:325)
	at groovy.lang.MetaClassImpl.invokeMethod(MetaClassImpl.java:1212)
	at groovy.lang.MetaClassImpl.invokeMethod(MetaClassImpl.java:1021)
	at groovy.lang.MetaClassImpl.invokeMethod(MetaClassImpl.java:812)
	at io.restassured.internal.RequestSpecificationImpl.invokeMethod(RequestSpecificationImpl.groovy)
	at org.codehaus.groovy.runtime.callsite.PogoInterceptableSite.call(PogoInterceptableSite.java:48)
	at org.codehaus.groovy.runtime.callsite.PogoInterceptableSite.callCurrent(PogoInterceptableSite.java:58)
	at org.codehaus.groovy.runtime.callsite.AbstractCallSite.callCurrent(AbstractCallSite.java:182)
	at io.restassured.internal.RequestSpecificationImpl.applyPathParamsAndSendRequest(RequestSpecificationImpl.groovy:1728)
	at groovy.lang.MetaMethod.doMethodInvoke(MetaMethod.java:325)
	at groovy.lang.MetaClassImpl.invokeMethod(MetaClassImpl.java:1212)
	at groovy.lang.MetaClassImpl.invokeMethod(MetaClassImpl.java:1021)
	at groovy.lang.MetaClassImpl.invokeMethod(MetaClassImpl.java:812)
	at io.restassured.internal.RequestSpecificationImpl.invokeMethod(RequestSpecificationImpl.groovy)
	at org.codehaus.groovy.runtime.callsite.PogoInterceptableSite.call(PogoInterceptableSite.java:48)
	at org.codehaus.groovy.runtime.callsite.PogoInterceptableSite.callCurrent(PogoInterceptableSite.java:58)
	at org.codehaus.groovy.runtime.callsite.AbstractCallSite.callCurrent(AbstractCallSite.java:182)
	at io.restassured.internal.RequestSpecificationImpl.get(RequestSpecificationImpl.groovy:168)
	at io.restassured.internal.RequestSpecificationImpl.get(RequestSpecificationImpl.groovy)
	at com.qa.tests.HeadersAndCookiesValidation.testSetMultiCookies(HeadersAndCookiesValidation.java:83)
	at java.util.concurrent.ThreadPoolExecutor.runWorker(ThreadPoolExecutor.java:1149)
	at java.util.concurrent.ThreadPoolExecutor$Worker.run(ThreadPoolExecutor.java:624)
	at java.lang.Thread.run(Thread.java:748)
... Removed 26 stack frames
</div> <!-- stack-trace -->
                </div> <!-- method-content -->
              </div> <!-- method -->
            </div> <!-- main-panel-content rounded-window-bottom -->
          </div> <!-- suite-Test_Suite-class-failed -->
          <div class="suite-Test_Suite-class-failed">
            <div class="main-panel-header rounded-window-top">
              <img src="failed.png"/>
              <span class="class-name">com.qa.tests.GETValidations</span>
            </div> <!-- main-panel-header rounded-window-top -->
            <div class="main-panel-content rounded-window-bottom">
              <div class="method">
                <div class="method-content">
                  <a name="testHeaderParameter">
                  </a> <!-- testHeaderParameter -->
                  <span class="method-name">testHeaderParameter</span>
                  <div class="stack-trace">java.lang.AssertionError: 1 expectation failed.
Expected status code &lt;200&gt; but was &lt;404&gt;.

	at org.codehaus.groovy.runtime.callsite.ConstructorSite$ConstructorSiteNoUnwrap.callConstructor(ConstructorSite.java:84)
	at org.codehaus.groovy.runtime.callsite.AbstractCallSite.callConstructor(AbstractCallSite.java:247)
	at io.restassured.internal.ResponseSpecificationImpl$HamcrestAssertionClosure.validate(ResponseSpecificationImpl.groovy:471)
	at io.restassured.internal.ResponseSpecificationImpl$HamcrestAssertionClosure$validate$1.call(Unknown Source)
	at io.restassured.internal.ResponseSpecificationImpl.validateResponseIfRequired(ResponseSpecificationImpl.groovy:636)
	at org.codehaus.groovy.runtime.callsite.PogoMetaMethodSite$PogoCachedMethodSiteNoUnwrapNoCoerce.invoke(PogoMetaMethodSite.java:210)
	at org.codehaus.groovy.runtime.callsite.PogoMetaMethodSite.callCurrent(PogoMetaMethodSite.java:59)
	at org.codehaus.groovy.runtime.callsite.AbstractCallSite.callCurrent(AbstractCallSite.java:166)
	at io.restassured.internal.ResponseSpecificationImpl.statusCode(ResponseSpecificationImpl.groovy:122)
	at io.restassured.specification.ResponseSpecification$statusCode$0.callCurrent(Unknown Source)
	at io.restassured.internal.ResponseSpecificationImpl.statusCode(ResponseSpecificationImpl.groovy:130)
	at io.restassured.internal.ValidatableResponseOptionsImpl.statusCode(ValidatableResponseOptionsImpl.java:117)
	at com.qa.tests.GETValidations.testHeaderParameter(GETValidations.java:120)
	at java.util.concurrent.ThreadPoolExecutor.runWorker(ThreadPoolExecutor.java:1149)
	at java.util.concurrent.ThreadPoolExecutor$Worker.run(ThreadPoolExecutor.java:624)
	at java.lang.Thread.run(Thread.java:748)
... Removed 19 stack frames
</div> <!-- stack-trace -->
                </div> <!-- method-content -->
              </div> <!-- method -->
            </div> <!-- main-panel-content rounded-window-bottom -->
          </div> <!-- suite-Test_Suite-class-failed -->
          <div class="suite-Test_Suite-class-failed">
            <div class="main-panel-header rounded-window-top">
              <img src="failed.png"/>
              <span class="class-name">com.qa.tests.ResponseVerification</span>
            </div> <!-- main-panel-header rounded-window-top -->
            <div class="main-panel-content rounded-window-bottom">
              <div class="method">
                <div class="method-content">
                  <a name="testCookiesInResponse">
                  </a> <!-- testCookiesInResponse -->
                  <span class="method-name">testCookiesInResponse</span>
                  <div class="stack-trace">java.lang.AssertionError: 1 expectation failed.
Expected cookie &quot;__cfduid&quot; was not &quot;ddfb7fa7cebeb7d4d698f28dad04e6a881575996976&quot;, was &quot;d30cfdbc3697996271da3ef7e5b8926501576850879&quot;.

	at org.codehaus.groovy.runtime.callsite.ConstructorSite$ConstructorSiteNoUnwrap.callConstructor(ConstructorSite.java:84)
	at org.codehaus.groovy.runtime.callsite.AbstractCallSite.callConstructor(AbstractCallSite.java:247)
	at io.restassured.internal.ResponseSpecificationImpl$HamcrestAssertionClosure.validate(ResponseSpecificationImpl.groovy:471)
	at io.restassured.internal.ResponseSpecificationImpl$HamcrestAssertionClosure$validate$1.call(Unknown Source)
	at io.restassured.internal.ResponseSpecificationImpl.validateResponseIfRequired(ResponseSpecificationImpl.groovy:636)
	at org.codehaus.groovy.runtime.callsite.PogoMetaMethodSite$PogoCachedMethodSiteNoUnwrapNoCoerce.invoke(PogoMetaMethodSite.java:210)
	at org.codehaus.groovy.runtime.callsite.PogoMetaMethodSite.callCurrent(PogoMetaMethodSite.java:59)
	at org.codehaus.groovy.runtime.callsite.CallSiteArray.defaultCallCurrent(CallSiteArray.java:52)
	at org.codehaus.groovy.runtime.callsite.AbstractCallSite.callCurrent(AbstractCallSite.java:154)
	at org.codehaus.groovy.runtime.callsite.AbstractCallSite.callCurrent(AbstractCallSite.java:166)
	at io.restassured.internal.ResponseSpecificationImpl.cookie(ResponseSpecificationImpl.groovy:215)
	at io.restassured.specification.ResponseSpecification$cookie$5.callCurrent(Unknown Source)
	at org.codehaus.groovy.runtime.callsite.CallSiteArray.defaultCallCurrent(CallSiteArray.java:52)
	at org.codehaus.groovy.runtime.callsite.AbstractCallSite.callCurrent(AbstractCallSite.java:154)
	at org.codehaus.groovy.runtime.callsite.AbstractCallSite.callCurrent(AbstractCallSite.java:174)
	at io.restassured.internal.ResponseSpecificationImpl.cookie(ResponseSpecificationImpl.groovy:227)
	at io.restassured.internal.ValidatableResponseOptionsImpl.cookie(ValidatableResponseOptionsImpl.java:186)
	at com.qa.tests.ResponseVerification.testCookiesInResponse(ResponseVerification.java:49)
	at java.util.concurrent.ThreadPoolExecutor.runWorker(ThreadPoolExecutor.java:1149)
	at java.util.concurrent.ThreadPoolExecutor$Worker.run(ThreadPoolExecutor.java:624)
	at java.lang.Thread.run(Thread.java:748)
... Removed 19 stack frames
</div> <!-- stack-trace -->
                </div> <!-- method-content -->
              </div> <!-- method -->
            </div> <!-- main-panel-content rounded-window-bottom -->
          </div> <!-- suite-Test_Suite-class-failed -->
          <div class="suite-Test_Suite-class-failed">
            <div class="main-panel-header rounded-window-top">
              <img src="failed.png"/>
              <span class="class-name">com.qa.tests.FlobizAssignment</span>
            </div> <!-- main-panel-header rounded-window-top -->
            <div class="main-panel-content rounded-window-bottom">
              <div class="method">
                <div class="method-content">
                  <a name="testCreateIssue">
                  </a> <!-- testCreateIssue -->
                  <span class="method-name">testCreateIssue</span>
                  <div class="stack-trace">java.lang.AssertionError: 1 expectation failed.
Expected status code &lt;201&gt; but was &lt;500&gt;.

	at org.codehaus.groovy.runtime.callsite.ConstructorSite$ConstructorSiteNoUnwrap.callConstructor(ConstructorSite.java:84)
	at org.codehaus.groovy.runtime.callsite.CallSiteArray.defaultCallConstructor(CallSiteArray.java:60)
	at org.codehaus.groovy.runtime.callsite.AbstractCallSite.callConstructor(AbstractCallSite.java:235)
	at org.codehaus.groovy.runtime.callsite.AbstractCallSite.callConstructor(AbstractCallSite.java:247)
	at io.restassured.internal.ResponseSpecificationImpl$HamcrestAssertionClosure.validate(ResponseSpecificationImpl.groovy:471)
	at io.restassured.internal.ResponseSpecificationImpl$HamcrestAssertionClosure$validate$1.call(Unknown Source)
	at org.codehaus.groovy.runtime.callsite.CallSiteArray.defaultCall(CallSiteArray.java:48)
	at org.codehaus.groovy.runtime.callsite.AbstractCallSite.call(AbstractCallSite.java:113)
	at org.codehaus.groovy.runtime.callsite.AbstractCallSite.call(AbstractCallSite.java:125)
	at io.restassured.internal.ResponseSpecificationImpl.validateResponseIfRequired(ResponseSpecificationImpl.groovy:636)
	at org.codehaus.groovy.runtime.callsite.PogoMetaMethodSite$PogoCachedMethodSiteNoUnwrapNoCoerce.invoke(PogoMetaMethodSite.java:210)
	at org.codehaus.groovy.runtime.callsite.PogoMetaMethodSite.callCurrent(PogoMetaMethodSite.java:59)
	at org.codehaus.groovy.runtime.callsite.CallSiteArray.defaultCallCurrent(CallSiteArray.java:52)
	at org.codehaus.groovy.runtime.callsite.AbstractCallSite.callCurrent(AbstractCallSite.java:154)
	at org.codehaus.groovy.runtime.callsite.AbstractCallSite.callCurrent(AbstractCallSite.java:166)
	at io.restassured.internal.ResponseSpecificationImpl.statusCode(ResponseSpecificationImpl.groovy:122)
	at io.restassured.specification.ResponseSpecification$statusCode$0.callCurrent(Unknown Source)
	at org.codehaus.groovy.runtime.callsite.CallSiteArray.defaultCallCurrent(CallSiteArray.java:52)
	at org.codehaus.groovy.runtime.callsite.AbstractCallSite.callCurrent(AbstractCallSite.java:154)
	at org.codehaus.groovy.runtime.callsite.AbstractCallSite.callCurrent(AbstractCallSite.java:166)
	at io.restassured.internal.ResponseSpecificationImpl.statusCode(ResponseSpecificationImpl.groovy:130)
	at io.restassured.internal.ValidatableResponseOptionsImpl.statusCode(ValidatableResponseOptionsImpl.java:117)
	at com.qa.tests.FlobizAssignment.testCreateIssue(FlobizAssignment.java:127)
	at java.util.concurrent.ThreadPoolExecutor.runWorker(ThreadPoolExecutor.java:1149)
	at java.util.concurrent.ThreadPoolExecutor$Worker.run(ThreadPoolExecutor.java:624)
	at java.lang.Thread.run(Thread.java:748)
... Removed 20 stack frames
</div> <!-- stack-trace -->
                </div> <!-- method-content -->
              </div> <!-- method -->
              <div class="method">
                <div class="method-content">
                  <a name="testIssueByFromEmail">
                  </a> <!-- testIssueByFromEmail -->
                  <span class="method-name">testIssueByFromEmail</span>
                  <div class="stack-trace">junit.framework.AssertionFailedError: expected:&lt;true&gt; but was:&lt;false&gt;
	at junit.framework.Assert.fail(Assert.java:50)
	at junit.framework.Assert.failNotEquals(Assert.java:287)
	at junit.framework.Assert.assertEquals(Assert.java:67)
	at junit.framework.Assert.assertEquals(Assert.java:147)
	at junit.framework.Assert.assertEquals(Assert.java:153)
	at com.qa.tests.FlobizAssignment.testIssueByFromEmail(FlobizAssignment.java:101)
	at java.util.concurrent.ThreadPoolExecutor.runWorker(ThreadPoolExecutor.java:1149)
	at java.util.concurrent.ThreadPoolExecutor$Worker.run(ThreadPoolExecutor.java:624)
	at java.lang.Thread.run(Thread.java:748)
... Removed 10 stack frames
</div> <!-- stack-trace -->
                </div> <!-- method-content -->
              </div> <!-- method -->
              <div class="method">
                <div class="method-content">
                  <a name="testModifyIssue">
                  </a> <!-- testModifyIssue -->
                  <span class="method-name">testModifyIssue</span>
                  <div class="stack-trace">java.lang.AssertionError: 1 expectation failed.
Expected status code &lt;200&gt; but was &lt;500&gt;.

	at org.codehaus.groovy.runtime.callsite.ConstructorSite$ConstructorSiteNoUnwrap.callConstructor(ConstructorSite.java:84)
	at org.codehaus.groovy.runtime.callsite.AbstractCallSite.callConstructor(AbstractCallSite.java:247)
	at io.restassured.internal.ResponseSpecificationImpl$HamcrestAssertionClosure.validate(ResponseSpecificationImpl.groovy:471)
	at io.restassured.internal.ResponseSpecificationImpl$HamcrestAssertionClosure$validate$1.call(Unknown Source)
	at io.restassured.internal.ResponseSpecificationImpl.validateResponseIfRequired(ResponseSpecificationImpl.groovy:636)
	at org.codehaus.groovy.runtime.callsite.PogoMetaMethodSite$PogoCachedMethodSiteNoUnwrapNoCoerce.invoke(PogoMetaMethodSite.java:210)
	at org.codehaus.groovy.runtime.callsite.PogoMetaMethodSite.callCurrent(PogoMetaMethodSite.java:59)
	at org.codehaus.groovy.runtime.callsite.AbstractCallSite.callCurrent(AbstractCallSite.java:166)
	at io.restassured.internal.ResponseSpecificationImpl.statusCode(ResponseSpecificationImpl.groovy:122)
	at io.restassured.specification.ResponseSpecification$statusCode$0.callCurrent(Unknown Source)
	at io.restassured.internal.ResponseSpecificationImpl.statusCode(ResponseSpecificationImpl.groovy:130)
	at io.restassured.internal.ValidatableResponseOptionsImpl.statusCode(ValidatableResponseOptionsImpl.java:117)
	at com.qa.tests.FlobizAssignment.testModifyIssue(FlobizAssignment.java:146)
	at java.util.concurrent.ThreadPoolExecutor.runWorker(ThreadPoolExecutor.java:1149)
	at java.util.concurrent.ThreadPoolExecutor$Worker.run(ThreadPoolExecutor.java:624)
	at java.lang.Thread.run(Thread.java:748)
... Removed 20 stack frames
</div> <!-- stack-trace -->
                </div> <!-- method-content -->
              </div> <!-- method -->
            </div> <!-- main-panel-content rounded-window-bottom -->
          </div> <!-- suite-Test_Suite-class-failed -->
          <div class="suite-Test_Suite-class-passed">
            <div class="main-panel-header rounded-window-top">
              <img src="passed.png"/>
              <span class="class-name">com.qa.tests.HeadersAndCookiesValidation</span>
            </div> <!-- main-panel-header rounded-window-top -->
            <div class="main-panel-content rounded-window-bottom">
              <div class="method">
                <div class="method-content">
                  <a name="testCookies">
                  </a> <!-- testCookies -->
                  <span class="method-name">testCookies</span>
                </div> <!-- method-content -->
              </div> <!-- method -->
              <div class="method">
                <div class="method-content">
                  <a name="testDetailedCookies">
                  </a> <!-- testDetailedCookies -->
                  <span class="method-name">testDetailedCookies</span>
                </div> <!-- method-content -->
              </div> <!-- method -->
              <div class="method">
                <div class="method-content">
                  <a name="testHeaders">
                  </a> <!-- testHeaders -->
                  <span class="method-name">testHeaders</span>
                </div> <!-- method-content -->
              </div> <!-- method -->
            </div> <!-- main-panel-content rounded-window-bottom -->
          </div> <!-- suite-Test_Suite-class-passed -->
          <div class="suite-Test_Suite-class-passed">
            <div class="main-panel-header rounded-window-top">
              <img src="passed.png"/>
              <span class="class-name">com.qa.tests.GroovyFeatures</span>
            </div> <!-- main-panel-header rounded-window-top -->
            <div class="main-panel-content rounded-window-bottom">
              <div class="method">
                <div class="method-content">
                  <a name="testCountNodes">
                  </a> <!-- testCountNodes -->
                  <span class="method-name">testCountNodes</span>
                </div> <!-- method-content -->
              </div> <!-- method -->
              <div class="method">
                <div class="method-content">
                  <a name="testHasItems">
                  </a> <!-- testHasItems -->
                  <span class="method-name">testHasItems</span>
                </div> <!-- method-content -->
              </div> <!-- method -->
              <div class="method">
                <div class="method-content">
                  <a name="testJsonPath">
                  </a> <!-- testJsonPath -->
                  <span class="method-name">testJsonPath</span>
                </div> <!-- method-content -->
              </div> <!-- method -->
              <div class="method">
                <div class="method-content">
                  <a name="testListOfNodes">
                  </a> <!-- testListOfNodes -->
                  <span class="method-name">testListOfNodes</span>
                </div> <!-- method-content -->
              </div> <!-- method -->
              <div class="method">
                <div class="method-content">
                  <a name="testSchema">
                  </a> <!-- testSchema -->
                  <span class="method-name">testSchema</span>
                </div> <!-- method-content -->
              </div> <!-- method -->
            </div> <!-- main-panel-content rounded-window-bottom -->
          </div> <!-- suite-Test_Suite-class-passed -->
          <div class="suite-Test_Suite-class-passed">
            <div class="main-panel-header rounded-window-top">
              <img src="passed.png"/>
              <span class="class-name">com.qa.tests.GETValidations</span>
            </div> <!-- main-panel-header rounded-window-top -->
            <div class="main-panel-content rounded-window-bottom">
              <div class="method">
                <div class="method-content">
                  <a name="testEqualToFunction">
                  </a> <!-- testEqualToFunction -->
                  <span class="method-name">testEqualToFunction</span>
                </div> <!-- method-content -->
              </div> <!-- method -->
              <div class="method">
                <div class="method-content">
                  <a name="testExractDetailWithPath">
                  </a> <!-- testExractDetailWithPath -->
                  <span class="method-name">testExractDetailWithPath</span>
                </div> <!-- method-content -->
              </div> <!-- method -->
              <div class="method">
                <div class="method-content">
                  <a name="testExractResponse">
                  </a> <!-- testExractResponse -->
                  <span class="method-name">testExractResponse</span>
                </div> <!-- method-content -->
              </div> <!-- method -->
              <div class="method">
                <div class="method-content">
                  <a name="testHasItems">
                  </a> <!-- testHasItems -->
                  <span class="method-name">testHasItems</span>
                </div> <!-- method-content -->
              </div> <!-- method -->
              <div class="method">
                <div class="method-content">
                  <a name="testHeader">
                  </a> <!-- testHeader -->
                  <span class="method-name">testHeader</span>
                </div> <!-- method-content -->
              </div> <!-- method -->
              <div class="method">
                <div class="method-content">
                  <a name="testJSONarray">
                  </a> <!-- testJSONarray -->
                  <span class="method-name">testJSONarray</span>
                </div> <!-- method-content -->
              </div> <!-- method -->
              <div class="method">
                <div class="method-content">
                  <a name="testLogging">
                  </a> <!-- testLogging -->
                  <span class="method-name">testLogging</span>
                </div> <!-- method-content -->
              </div> <!-- method -->
              <div class="method">
                <div class="method-content">
                  <a name="testPathParameter">
                  </a> <!-- testPathParameter -->
                  <span class="method-name">testPathParameter</span>
                </div> <!-- method-content -->
              </div> <!-- method -->
              <div class="method">
                <div class="method-content">
                  <a name="testQueryParameter">
                  </a> <!-- testQueryParameter -->
                  <span class="method-name">testQueryParameter</span>
                </div> <!-- method-content -->
              </div> <!-- method -->
              <div class="method">
                <div class="method-content">
                  <a name="testSetCookies">
                  </a> <!-- testSetCookies -->
                  <span class="method-name">testSetCookies</span>
                </div> <!-- method-content -->
              </div> <!-- method -->
              <div class="method">
                <div class="method-content">
                  <a name="testSetMultivalueParameter">
                  </a> <!-- testSetMultivalueParameter -->
                  <span class="method-name">testSetMultivalueParameter</span>
                </div> <!-- method-content -->
              </div> <!-- method -->
              <div class="method">
                <div class="method-content">
                  <a name="testSetPathParameter">
                  </a> <!-- testSetPathParameter -->
                  <span class="method-name">testSetPathParameter</span>
                </div> <!-- method-content -->
              </div> <!-- method -->
              <div class="method">
                <div class="method-content">
                  <a name="testStatusCode">
                  </a> <!-- testStatusCode -->
                  <span class="method-name">testStatusCode</span>
                </div> <!-- method-content -->
              </div> <!-- method -->
              <div class="method">
                <div class="method-content">
                  <a name="testWithRoot">
                  </a> <!-- testWithRoot -->
                  <span class="method-name">testWithRoot</span>
                </div> <!-- method-content -->
              </div> <!-- method -->
              <div class="method">
                <div class="method-content">
                  <a name="testxmlOutput">
                  </a> <!-- testxmlOutput -->
                  <span class="method-name">testxmlOutput</span>
                </div> <!-- method-content -->
              </div> <!-- method -->
            </div> <!-- main-panel-content rounded-window-bottom -->
          </div> <!-- suite-Test_Suite-class-passed -->
          <div class="suite-Test_Suite-class-passed">
            <div class="main-panel-header rounded-window-top">
              <img src="passed.png"/>
              <span class="class-name">com.qa.tests.ResponseVerification</span>
            </div> <!-- main-panel-header rounded-window-top -->
            <div class="main-panel-content rounded-window-bottom">
              <div class="method">
                <div class="method-content">
                  <a name="testHeadersInResponse">
                  </a> <!-- testHeadersInResponse -->
                  <span class="method-name">testHeadersInResponse</span>
                </div> <!-- method-content -->
              </div> <!-- method -->
              <div class="method">
                <div class="method-content">
                  <a name="testResponseTime">
                  </a> <!-- testResponseTime -->
                  <span class="method-name">testResponseTime</span>
                </div> <!-- method-content -->
              </div> <!-- method -->
              <div class="method">
                <div class="method-content">
                  <a name="testStauslineInResponse">
                  </a> <!-- testStauslineInResponse -->
                  <span class="method-name">testStauslineInResponse</span>
                </div> <!-- method-content -->
              </div> <!-- method -->
            </div> <!-- main-panel-content rounded-window-bottom -->
          </div> <!-- suite-Test_Suite-class-passed -->
          <div class="suite-Test_Suite-class-passed">
            <div class="main-panel-header rounded-window-top">
              <img src="passed.png"/>
              <span class="class-name">com.qa.tests.SpecBuilderValidation</span>
            </div> <!-- main-panel-header rounded-window-top -->
            <div class="main-panel-content rounded-window-bottom">
              <div class="method">
                <div class="method-content">
                  <a name="testresponse">
                  </a> <!-- testresponse -->
                  <span class="method-name">testresponse</span>
                </div> <!-- method-content -->
              </div> <!-- method -->
            </div> <!-- main-panel-content rounded-window-bottom -->
          </div> <!-- suite-Test_Suite-class-passed -->
          <div class="suite-Test_Suite-class-passed">
            <div class="main-panel-header rounded-window-top">
              <img src="passed.png"/>
              <span class="class-name">com.qa.tests.FlobizAssignment</span>
            </div> <!-- main-panel-header rounded-window-top -->
            <div class="main-panel-content rounded-window-bottom">
              <div class="method">
                <div class="method-content">
                  <a name="testCreateIssueErrorMessage">
                  </a> <!-- testCreateIssueErrorMessage -->
                  <span class="method-name">testCreateIssueErrorMessage</span>
                </div> <!-- method-content -->
              </div> <!-- method -->
              <div class="method">
                <div class="method-content">
                  <a name="testIssueById">
                  </a> <!-- testIssueById -->
                  <span class="method-name">testIssueById</span>
                </div> <!-- method-content -->
              </div> <!-- method -->
              <div class="method">
                <div class="method-content">
                  <a name="testListAll">
                  </a> <!-- testListAll -->
                  <span class="method-name">testListAll</span>
                </div> <!-- method-content -->
              </div> <!-- method -->
              <div class="method">
                <div class="method-content">
                  <a name="testModifyIssueErrorMessage">
                  </a> <!-- testModifyIssueErrorMessage -->
                  <span class="method-name">testModifyIssueErrorMessage</span>
                </div> <!-- method-content -->
              </div> <!-- method -->
            </div> <!-- main-panel-content rounded-window-bottom -->
          </div> <!-- suite-Test_Suite-class-passed -->
          <div class="suite-Test_Suite-class-passed">
            <div class="main-panel-header rounded-window-top">
              <img src="passed.png"/>
              <span class="class-name">com.qa.tests.LoggingValidations</span>
            </div> <!-- main-panel-header rounded-window-top -->
            <div class="main-panel-content rounded-window-bottom">
              <div class="method">
                <div class="method-content">
                  <a name="loggingTest">
                  </a> <!-- loggingTest -->
                  <span class="method-name">loggingTest</span>
                </div> <!-- method-content -->
              </div> <!-- method -->
            </div> <!-- main-panel-content rounded-window-bottom -->
          </div> <!-- suite-Test_Suite-class-passed -->
          <div class="suite-Test_Suite-class-passed">
            <div class="main-panel-header rounded-window-top">
              <img src="passed.png"/>
              <span class="class-name">com.qa.tests.HandlingSSL_TLS</span>
            </div> <!-- main-panel-header rounded-window-top -->
            <div class="main-panel-content rounded-window-bottom">
              <div class="method">
                <div class="method-content">
                  <a name="testSSL">
                  </a> <!-- testSSL -->
                  <span class="method-name">testSSL</span>
                </div> <!-- method-content -->
              </div> <!-- method -->
              <div class="method">
                <div class="method-content">
                  <a name="testTLS">
                  </a> <!-- testTLS -->
                  <span class="method-name">testTLS</span>
                </div> <!-- method-content -->
              </div> <!-- method -->
            </div> <!-- main-panel-content rounded-window-bottom -->
          </div> <!-- suite-Test_Suite-class-passed -->
        </div> <!-- panel Test_Suite -->
        <div panel-name="test-xml-Test_Suite" class="panel">
          <div class="main-panel-header rounded-window-top">
            <span class="header-content">D:\WorkSpace\rest-assured-framework\Testng.xml</span>
          </div> <!-- main-panel-header rounded-window-top -->
          <div class="main-panel-content rounded-window-bottom">
            <pre>
&lt;?xml version=&quot;1.0&quot; encoding=&quot;UTF-8&quot;?&gt;
&lt;!DOCTYPE suite SYSTEM &quot;http://testng.org/testng-1.0.dtd&quot;&gt;
&lt;suite thread-count=&quot;1&quot; guice-stage=&quot;DEVELOPMENT&quot; name=&quot;Test Suite&quot; parallel=&quot;methods&quot;&gt;
  &lt;listeners&gt;
    &lt;listener class-name=&quot;com.qa.utilities.TestListener&quot;/&gt;
  &lt;/listeners&gt;
  &lt;test name=&quot;Rest Basic Validations&quot;&gt;
    &lt;classes&gt;
      &lt;class name=&quot;com.qa.tests.FlobizAssignment&quot;/&gt;
      &lt;class name=&quot;com.qa.tests.GETValidations&quot;/&gt;
      &lt;class name=&quot;com.qa.tests.GroovyFeatures&quot;/&gt;
      &lt;class name=&quot;com.qa.tests.HandlingSSL_TLS&quot;/&gt;
      &lt;class name=&quot;com.qa.tests.HeadersAndCookiesValidation&quot;/&gt;
      &lt;class name=&quot;com.qa.tests.LoggingValidations&quot;/&gt;
      &lt;class name=&quot;com.qa.tests.PostValidations&quot;/&gt;
      &lt;class name=&quot;com.qa.tests.ResponseVerification&quot;/&gt;
      &lt;class name=&quot;com.qa.tests.SpecBuilderValidation&quot;/&gt;
    &lt;/classes&gt;
  &lt;/test&gt; &lt;!-- Rest Basic Validations --&gt;
&lt;/suite&gt; &lt;!-- Test Suite --&gt;
            </pre>
          </div> <!-- main-panel-content rounded-window-bottom -->
        </div> <!-- panel -->
        <div panel-name="testlist-Test_Suite" class="panel">
          <div class="main-panel-header rounded-window-top">
            <span class="header-content">Tests for Test Suite</span>
          </div> <!-- main-panel-header rounded-window-top -->
          <div class="main-panel-content rounded-window-bottom">
            <ul>
              <li>
                <span class="test-name">Rest Basic Validations (9 classes)</span>
              </li>
            </ul>
          </div> <!-- main-panel-content rounded-window-bottom -->
        </div> <!-- panel -->
        <div panel-name="group-Test_Suite" class="panel">
          <div class="main-panel-header rounded-window-top">
            <span class="header-content">Groups for Test Suite</span>
          </div> <!-- main-panel-header rounded-window-top -->
          <div class="main-panel-content rounded-window-bottom">
          </div> <!-- main-panel-content rounded-window-bottom -->
        </div> <!-- panel -->
        <div panel-name="times-Test_Suite" class="panel">
          <div class="main-panel-header rounded-window-top">
            <span class="header-content">Times for Test Suite</span>
          </div> <!-- main-panel-header rounded-window-top -->
          <div class="main-panel-content rounded-window-bottom">
            <div class="times-div">
              <script type="text/javascript">
suiteTableInitFunctions.push('tableData_Test_Suite');
function tableData_Test_Suite() {
var data = new google.visualization.DataTable();
data.addColumn('number', 'Number');
data.addColumn('string', 'Method');
data.addColumn('string', 'Class');
data.addColumn('number', 'Time (ms)');
data.addRows(42);
data.setCell(0, 0, 0)
data.setCell(0, 1, 'testCreateIssue')
data.setCell(0, 2, 'com.qa.tests.FlobizAssignment')
data.setCell(0, 3, 11635);
data.setCell(1, 0, 1)
data.setCell(1, 1, 'testExractDetailWithPath')
data.setCell(1, 2, 'com.qa.tests.GETValidations')
data.setCell(1, 3, 9725);
data.setCell(2, 0, 2)
data.setCell(2, 1, 'testIssueByFromEmail')
data.setCell(2, 2, 'com.qa.tests.FlobizAssignment')
data.setCell(2, 3, 8874);
data.setCell(3, 0, 3)
data.setCell(3, 1, 'testCreateIssueErrorMessage')
data.setCell(3, 2, 'com.qa.tests.FlobizAssignment')
data.setCell(3, 3, 8465);
data.setCell(4, 0, 4)
data.setCell(4, 1, 'testSSL')
data.setCell(4, 2, 'com.qa.tests.HandlingSSL_TLS')
data.setCell(4, 3, 7294);
data.setCell(5, 0, 5)
data.setCell(5, 1, 'testResponseTime')
data.setCell(5, 2, 'com.qa.tests.ResponseVerification')
data.setCell(5, 3, 4738);
data.setCell(6, 0, 6)
data.setCell(6, 1, 'testExractResponse')
data.setCell(6, 2, 'com.qa.tests.GETValidations')
data.setCell(6, 3, 4568);
data.setCell(7, 0, 7)
data.setCell(7, 1, 'testHeaders')
data.setCell(7, 2, 'com.qa.tests.HeadersAndCookiesValidation')
data.setCell(7, 3, 3992);
data.setCell(8, 0, 8)
data.setCell(8, 1, 'testTLS')
data.setCell(8, 2, 'com.qa.tests.HandlingSSL_TLS')
data.setCell(8, 3, 3889);
data.setCell(9, 0, 9)
data.setCell(9, 1, 'testHasItems')
data.setCell(9, 2, 'com.qa.tests.GroovyFeatures')
data.setCell(9, 3, 3770);
data.setCell(10, 0, 10)
data.setCell(10, 1, 'testJsonPath')
data.setCell(10, 2, 'com.qa.tests.GroovyFeatures')
data.setCell(10, 3, 3706);
data.setCell(11, 0, 11)
data.setCell(11, 1, 'testSchema')
data.setCell(11, 2, 'com.qa.tests.GroovyFeatures')
data.setCell(11, 3, 3444);
data.setCell(12, 0, 12)
data.setCell(12, 1, 'testCreateIssue')
data.setCell(12, 2, 'com.qa.tests.PostValidations')
data.setCell(12, 3, 3326);
data.setCell(13, 0, 13)
data.setCell(13, 1, 'testDetailedCookies')
data.setCell(13, 2, 'com.qa.tests.HeadersAndCookiesValidation')
data.setCell(13, 3, 3111);
data.setCell(14, 0, 14)
data.setCell(14, 1, 'testStauslineInResponse')
data.setCell(14, 2, 'com.qa.tests.ResponseVerification')
data.setCell(14, 3, 3040);
data.setCell(15, 0, 15)
data.setCell(15, 1, 'testListOfNodes')
data.setCell(15, 2, 'com.qa.tests.GroovyFeatures')
data.setCell(15, 3, 2970);
data.setCell(16, 0, 16)
data.setCell(16, 1, 'testCountNodes')
data.setCell(16, 2, 'com.qa.tests.GroovyFeatures')
data.setCell(16, 3, 2806);
data.setCell(17, 0, 17)
data.setCell(17, 1, 'testHeadersInResponse')
data.setCell(17, 2, 'com.qa.tests.ResponseVerification')
data.setCell(17, 3, 2730);
data.setCell(18, 0, 18)
data.setCell(18, 1, 'testModifyIssueErrorMessage')
data.setCell(18, 2, 'com.qa.tests.FlobizAssignment')
data.setCell(18, 3, 2626);
data.setCell(19, 0, 19)
data.setCell(19, 1, 'testModifyIssue')
data.setCell(19, 2, 'com.qa.tests.FlobizAssignment')
data.setCell(19, 3, 2530);
data.setCell(20, 0, 20)
data.setCell(20, 1, 'testCookies')
data.setCell(20, 2, 'com.qa.tests.HeadersAndCookiesValidation')
data.setCell(20, 3, 2515);
data.setCell(21, 0, 21)
data.setCell(21, 1, 'testEqualToFunction')
data.setCell(21, 2, 'com.qa.tests.GETValidations')
data.setCell(21, 3, 2507);
data.setCell(22, 0, 22)
data.setCell(22, 1, 'testListAll')
data.setCell(22, 2, 'com.qa.tests.FlobizAssignment')
data.setCell(22, 3, 2366);
data.setCell(23, 0, 23)
data.setCell(23, 1, 'testIssueById')
data.setCell(23, 2, 'com.qa.tests.FlobizAssignment')
data.setCell(23, 3, 2185);
data.setCell(24, 0, 24)
data.setCell(24, 1, 'testresponse')
data.setCell(24, 2, 'com.qa.tests.SpecBuilderValidation')
data.setCell(24, 3, 2134);
data.setCell(25, 0, 25)
data.setCell(25, 1, 'testSetMultiCookies')
data.setCell(25, 2, 'com.qa.tests.HeadersAndCookiesValidation')
data.setCell(25, 3, 2027);
data.setCell(26, 0, 26)
data.setCell(26, 1, 'testWithRoot')
data.setCell(26, 2, 'com.qa.tests.GETValidations')
data.setCell(26, 3, 1976);
data.setCell(27, 0, 27)
data.setCell(27, 1, 'loggingTest')
data.setCell(27, 2, 'com.qa.tests.LoggingValidations')
data.setCell(27, 3, 1873);
data.setCell(28, 0, 28)
data.setCell(28, 1, 'testHeader')
data.setCell(28, 2, 'com.qa.tests.GETValidations')
data.setCell(28, 3, 1646);
data.setCell(29, 0, 29)
data.setCell(29, 1, 'testSetCookies')
data.setCell(29, 2, 'com.qa.tests.GETValidations')
data.setCell(29, 3, 1394);
data.setCell(30, 0, 30)
data.setCell(30, 1, 'simplePost')
data.setCell(30, 2, 'com.qa.tests.PostValidations')
data.setCell(30, 3, 1351);
data.setCell(31, 0, 31)
data.setCell(31, 1, 'testHeaderParameter')
data.setCell(31, 2, 'com.qa.tests.GETValidations')
data.setCell(31, 3, 1347);
data.setCell(32, 0, 32)
data.setCell(32, 1, 'testxmlOutput')
data.setCell(32, 2, 'com.qa.tests.GETValidations')
data.setCell(32, 3, 1336);
data.setCell(33, 0, 33)
data.setCell(33, 1, 'testSetMultivalueParameter')
data.setCell(33, 2, 'com.qa.tests.GETValidations')
data.setCell(33, 3, 1320);
data.setCell(34, 0, 34)
data.setCell(34, 1, 'testCookiesInResponse')
data.setCell(34, 2, 'com.qa.tests.ResponseVerification')
data.setCell(34, 3, 1274);
data.setCell(35, 0, 35)
data.setCell(35, 1, 'testStatusCode')
data.setCell(35, 2, 'com.qa.tests.GETValidations')
data.setCell(35, 3, 1146);
data.setCell(36, 0, 36)
data.setCell(36, 1, 'testQueryParameter')
data.setCell(36, 2, 'com.qa.tests.GETValidations')
data.setCell(36, 3, 1128);
data.setCell(37, 0, 37)
data.setCell(37, 1, 'testPathParameter')
data.setCell(37, 2, 'com.qa.tests.GETValidations')
data.setCell(37, 3, 1018);
data.setCell(38, 0, 38)
data.setCell(38, 1, 'testSetPathParameter')
data.setCell(38, 2, 'com.qa.tests.GETValidations')
data.setCell(38, 3, 805);
data.setCell(39, 0, 39)
data.setCell(39, 1, 'testJSONarray')
data.setCell(39, 2, 'com.qa.tests.GETValidations')
data.setCell(39, 3, 788);
data.setCell(40, 0, 40)
data.setCell(40, 1, 'testLogging')
data.setCell(40, 2, 'com.qa.tests.GETValidations')
data.setCell(40, 3, 431);
data.setCell(41, 0, 41)
data.setCell(41, 1, 'testHasItems')
data.setCell(41, 2, 'com.qa.tests.GETValidations')
data.setCell(41, 3, 427);
window.suiteTableData['Test_Suite']= { tableData: data, tableDiv: 'times-div-Test_Suite'}
return data;
}
              </script>
              <span class="suite-total-time">Total running time: 2 minutes</span>
              <div id="times-div-Test_Suite">
              </div> <!-- times-div-Test_Suite -->
            </div> <!-- times-div -->
          </div> <!-- main-panel-content rounded-window-bottom -->
        </div> <!-- panel -->
        <div panel-name="reporter-Test_Suite" class="panel">
          <div class="main-panel-header rounded-window-top">
            <span class="header-content">Reporter output for Test Suite</span>
          </div> <!-- main-panel-header rounded-window-top -->
          <div class="main-panel-content rounded-window-bottom">
          </div> <!-- main-panel-content rounded-window-bottom -->
        </div> <!-- panel -->
        <div panel-name="ignored-methods-Test_Suite" class="panel">
          <div class="main-panel-header rounded-window-top">
            <span class="header-content">0 ignored methods</span>
          </div> <!-- main-panel-header rounded-window-top -->
          <div class="main-panel-content rounded-window-bottom">
          </div> <!-- main-panel-content rounded-window-bottom -->
        </div> <!-- panel -->
        <div panel-name="chronological-Test_Suite" class="panel">
          <div class="main-panel-header rounded-window-top">
            <span class="header-content">Methods in chronological order</span>
          </div> <!-- main-panel-header rounded-window-top -->
          <div class="main-panel-content rounded-window-bottom">
            <div class="chronological-class">
              <div class="chronological-class-name">com.qa.tests.FlobizAssignment</div> <!-- chronological-class-name -->
              <div class="configuration-test before">
                <span class="method-name">loadResources</span>
                <span class="method-start">0 ms</span>
              </div> <!-- configuration-test before -->
              <div class="test-method">
                <img src="failed.png">
                </img>
                <span class="method-name">testCreateIssue</span>
                <span class="method-start">21 ms</span>
              </div> <!-- test-method -->
              <div class="test-method">
                <span class="method-name">testCreateIssueErrorMessage</span>
                <span class="method-start">11674 ms</span>
              </div> <!-- test-method -->
              <div class="test-method">
                <img src="failed.png">
                </img>
                <span class="method-name">testIssueByFromEmail</span>
                <span class="method-start">20141 ms</span>
              </div> <!-- test-method -->
              <div class="test-method">
                <span class="method-name">testIssueById</span>
                <span class="method-start">29018 ms</span>
              </div> <!-- test-method -->
              <div class="test-method">
                <span class="method-name">testListAll</span>
                <span class="method-start">31205 ms</span>
              </div> <!-- test-method -->
              <div class="test-method">
                <img src="failed.png">
                </img>
                <span class="method-name">testModifyIssue</span>
                <span class="method-start">33572 ms</span>
              </div> <!-- test-method -->
              <div class="test-method">
                <span class="method-name">testModifyIssueErrorMessage</span>
                <span class="method-start">36108 ms</span>
              </div> <!-- test-method -->
            </div> <!-- chronological-class -->
            <div class="chronological-class">
              <div class="chronological-class-name">com.qa.tests.GETValidations</div> <!-- chronological-class-name -->
              <div class="test-method">
                <span class="method-name">testEqualToFunction</span>
                <span class="method-start">38735 ms</span>
              </div> <!-- test-method -->
              <div class="test-method">
                <span class="method-name">testExractDetailWithPath</span>
                <span class="method-start">41243 ms</span>
              </div> <!-- test-method -->
              <div class="test-method">
                <span class="method-name">testExractResponse</span>
                <span class="method-start">50972 ms</span>
              </div> <!-- test-method -->
              <div class="test-method">
                <span class="method-name">testHasItems</span>
                <span class="method-start">55544 ms</span>
              </div> <!-- test-method -->
              <div class="test-method">
                <span class="method-name">testHeader</span>
                <span class="method-start">55972 ms</span>
              </div> <!-- test-method -->
              <div class="test-method">
                <img src="failed.png">
                </img>
                <span class="method-name">testHeaderParameter</span>
                <span class="method-start">57622 ms</span>
              </div> <!-- test-method -->
              <div class="test-method">
                <span class="method-name">testJSONarray</span>
                <span class="method-start">58974 ms</span>
              </div> <!-- test-method -->
              <div class="test-method">
                <span class="method-name">testLogging</span>
                <span class="method-start">59764 ms</span>
              </div> <!-- test-method -->
              <div class="test-method">
                <span class="method-name">testPathParameter</span>
                <span class="method-start">60199 ms</span>
              </div> <!-- test-method -->
              <div class="test-method">
                <span class="method-name">testQueryParameter</span>
                <span class="method-start">61218 ms</span>
              </div> <!-- test-method -->
              <div class="test-method">
                <span class="method-name">testSetCookies</span>
                <span class="method-start">62348 ms</span>
              </div> <!-- test-method -->
              <div class="test-method">
                <span class="method-name">testSetMultivalueParameter</span>
                <span class="method-start">63745 ms</span>
              </div> <!-- test-method -->
              <div class="test-method">
                <span class="method-name">testSetPathParameter</span>
                <span class="method-start">65069 ms</span>
              </div> <!-- test-method -->
              <div class="test-method">
                <span class="method-name">testStatusCode</span>
                <span class="method-start">65878 ms</span>
              </div> <!-- test-method -->
              <div class="test-method">
                <span class="method-name">testWithRoot</span>
                <span class="method-start">67028 ms</span>
              </div> <!-- test-method -->
              <div class="test-method">
                <span class="method-name">testxmlOutput</span>
                <span class="method-start">69007 ms</span>
              </div> <!-- test-method -->
            </div> <!-- chronological-class -->
            <div class="chronological-class">
              <div class="chronological-class-name">com.qa.tests.GroovyFeatures</div> <!-- chronological-class-name -->
              <div class="test-method">
                <span class="method-name">testCountNodes</span>
                <span class="method-start">70345 ms</span>
              </div> <!-- test-method -->
              <div class="test-method">
                <span class="method-name">testHasItems</span>
                <span class="method-start">73152 ms</span>
              </div> <!-- test-method -->
              <div class="test-method">
                <span class="method-name">testJsonPath</span>
                <span class="method-start">76923 ms</span>
              </div> <!-- test-method -->
              <div class="test-method">
                <span class="method-name">testListOfNodes</span>
                <span class="method-start">80633 ms</span>
              </div> <!-- test-method -->
              <div class="test-method">
                <span class="method-name">testSchema</span>
                <span class="method-start">83606 ms</span>
              </div> <!-- test-method -->
            </div> <!-- chronological-class -->
            <div class="chronological-class">
              <div class="chronological-class-name">com.qa.tests.HandlingSSL_TLS</div> <!-- chronological-class-name -->
              <div class="configuration-class before">
                <span class="method-name">setUp</span>
                <span class="method-start">87052 ms</span>
              </div> <!-- configuration-class before -->
              <div class="test-method">
                <span class="method-name">testSSL</span>
                <span class="method-start">87055 ms</span>
              </div> <!-- test-method -->
              <div class="test-method">
                <span class="method-name">testTLS</span>
                <span class="method-start">94352 ms</span>
              </div> <!-- test-method -->
            </div> <!-- chronological-class -->
            <div class="chronological-class">
              <div class="chronological-class-name">com.qa.tests.HeadersAndCookiesValidation</div> <!-- chronological-class-name -->
              <div class="test-method">
                <span class="method-name">testCookies</span>
                <span class="method-start">98246 ms</span>
              </div> <!-- test-method -->
              <div class="test-method">
                <span class="method-name">testDetailedCookies</span>
                <span class="method-start">100766 ms</span>
              </div> <!-- test-method -->
              <div class="test-method">
                <span class="method-name">testHeaders</span>
                <span class="method-start">103881 ms</span>
              </div> <!-- test-method -->
              <div class="test-method">
                <img src="failed.png">
                </img>
                <span class="method-name">testSetMultiCookies</span>
                <span class="method-start">107876 ms</span>
              </div> <!-- test-method -->
            </div> <!-- chronological-class -->
            <div class="chronological-class">
              <div class="chronological-class-name">com.qa.tests.LoggingValidations</div> <!-- chronological-class-name -->
              <div class="configuration-class before">
                <span class="method-name">responseSpec</span>
                <span class="method-start">109908 ms</span>
              </div> <!-- configuration-class before -->
              <div class="test-method">
                <span class="method-name">loggingTest</span>
                <span class="method-start">109909 ms</span>
              </div> <!-- test-method -->
            </div> <!-- chronological-class -->
            <div class="chronological-class">
              <div class="chronological-class-name">com.qa.tests.PostValidations</div> <!-- chronological-class-name -->
              <div class="test-method">
                <img src="failed.png">
                </img>
                <span class="method-name">simplePost</span>
                <span class="method-start">111786 ms</span>
              </div> <!-- test-method -->
              <div class="test-method">
                <img src="failed.png">
                </img>
                <span class="method-name">testCreateIssue</span>
                <span class="method-start">113140 ms</span>
              </div> <!-- test-method -->
            </div> <!-- chronological-class -->
            <div class="chronological-class">
              <div class="chronological-class-name">com.qa.tests.ResponseVerification</div> <!-- chronological-class-name -->
              <div class="test-method">
                <img src="failed.png">
                </img>
                <span class="method-name">testCookiesInResponse</span>
                <span class="method-start">116471 ms</span>
              </div> <!-- test-method -->
              <div class="test-method">
                <span class="method-name">testHeadersInResponse</span>
                <span class="method-start">117748 ms</span>
              </div> <!-- test-method -->
              <div class="test-method">
                <span class="method-name">testResponseTime</span>
                <span class="method-start">120480 ms</span>
              </div> <!-- test-method -->
              <div class="test-method">
                <span class="method-name">testStauslineInResponse</span>
                <span class="method-start">125221 ms</span>
              </div> <!-- test-method -->
            </div> <!-- chronological-class -->
            <div class="chronological-class">
              <div class="chronological-class-name">com.qa.tests.SpecBuilderValidation</div> <!-- chronological-class-name -->
              <div class="configuration-class before">
                <span class="method-name">setUpReqSpec</span>
                <span class="method-start">128264 ms</span>
              </div> <!-- configuration-class before -->
              <div class="configuration-class before">
                <span class="method-name">setUpResSpec</span>
                <span class="method-start">128275 ms</span>
              </div> <!-- configuration-class before -->
              <div class="test-method">
                <span class="method-name">testresponse</span>
                <span class="method-start">128283 ms</span>
              </div> <!-- test-method -->
          </div> <!-- main-panel-content rounded-window-bottom -->
        </div> <!-- panel -->
      </div> <!-- main-panel-root -->
    </div> <!-- wrapper -->
  </body>
</html>
