<?xml version="1.0" encoding="UTF-8"?>
<testng-results skipped="0" failed="8" total="42" passed="34">
  <reporter-output>
  </reporter-output>
  <suite name="Test Suite" duration-ms="130420" started-at="2019-12-20T14:06:03Z" finished-at="2019-12-20T14:08:13Z">
    <groups>
    </groups>
    <test name="Rest Basic Validations" duration-ms="130420" started-at="2019-12-20T14:06:03Z" finished-at="2019-12-20T14:08:13Z">
      <class name="com.qa.tests.HandlingSSL_TLS">
        <test-method status="PASS" signature="setUp()[pri:0, instance:com.qa.tests.HandlingSSL_TLS@548e7350]" name="setUp" is-config="true" duration-ms="3" started-at="2019-12-20T19:37:30Z" finished-at="2019-12-20T19:37:30Z">
          <reporter-output>
          </reporter-output>
        </test-method> <!-- setUp -->
        <test-method status="PASS" signature="testSSL()[pri:0, instance:com.qa.tests.HandlingSSL_TLS@548e7350]" name="testSSL" duration-ms="7294" started-at="2019-12-20T19:37:30Z" finished-at="2019-12-20T19:37:37Z">
          <reporter-output>
          </reporter-output>
        </test-method> <!-- testSSL -->
        <test-method status="PASS" signature="testTLS()[pri:0, instance:com.qa.tests.HandlingSSL_TLS@548e7350]" name="testTLS" duration-ms="3889" started-at="2019-12-20T19:37:37Z" finished-at="2019-12-20T19:37:41Z">
          <reporter-output>
          </reporter-output>
        </test-method> <!-- testTLS -->
      </class> <!-- com.qa.tests.HandlingSSL_TLS -->
      <class name="com.qa.tests.PostValidations">
        <test-method status="FAIL" signature="simplePost()[pri:0, instance:com.qa.tests.PostValidations@77cd7a0]" name="simplePost" duration-ms="1351" started-at="2019-12-20T19:37:54Z" finished-at="2019-12-20T19:37:56Z">
          <exception class="java.lang.AssertionError">
            <message>
              <![CDATA[1 expectation failed.
Expected status code <201> but was <415>.
]]>
            </message>
            <full-stacktrace>
              <![CDATA[java.lang.AssertionError: 1 expectation failed.
Expected status code <201> but was <415>.

	at sun.reflect.NativeConstructorAccessorImpl.newInstance0(Native Method)
	at sun.reflect.NativeConstructorAccessorImpl.newInstance(NativeConstructorAccessorImpl.java:62)
	at sun.reflect.DelegatingConstructorAccessorImpl.newInstance(DelegatingConstructorAccessorImpl.java:45)
	at java.lang.reflect.Constructor.newInstance(Constructor.java:423)
	at org.codehaus.groovy.reflection.CachedConstructor.invoke(CachedConstructor.java:83)
	at org.codehaus.groovy.reflection.CachedConstructor.doConstructorInvoke(CachedConstructor.java:77)
	at org.codehaus.groovy.runtime.callsite.ConstructorSite$ConstructorSiteNoUnwrap.callConstructor(ConstructorSite.java:84)
	at org.codehaus.groovy.runtime.callsite.AbstractCallSite.callConstructor(AbstractCallSite.java:247)
	at io.restassured.internal.ResponseSpecificationImpl$HamcrestAssertionClosure.validate(ResponseSpecificationImpl.groovy:471)
	at io.restassured.internal.ResponseSpecificationImpl$HamcrestAssertionClosure$validate$1.call(Unknown Source)
	at io.restassured.internal.ResponseSpecificationImpl.validateResponseIfRequired(ResponseSpecificationImpl.groovy:636)
	at sun.reflect.GeneratedMethodAccessor66.invoke(Unknown Source)
	at sun.reflect.DelegatingMethodAccessorImpl.invoke(DelegatingMethodAccessorImpl.java:43)
	at java.lang.reflect.Method.invoke(Method.java:498)
	at org.codehaus.groovy.runtime.callsite.PogoMetaMethodSite$PogoCachedMethodSiteNoUnwrapNoCoerce.invoke(PogoMetaMethodSite.java:210)
	at org.codehaus.groovy.runtime.callsite.PogoMetaMethodSite.callCurrent(PogoMetaMethodSite.java:59)
	at org.codehaus.groovy.runtime.callsite.AbstractCallSite.callCurrent(AbstractCallSite.java:166)
	at io.restassured.internal.ResponseSpecificationImpl.statusCode(ResponseSpecificationImpl.groovy:122)
	at io.restassured.specification.ResponseSpecification$statusCode$0.callCurrent(Unknown Source)
	at io.restassured.internal.ResponseSpecificationImpl.statusCode(ResponseSpecificationImpl.groovy:130)
	at io.restassured.internal.ValidatableResponseOptionsImpl.statusCode(ValidatableResponseOptionsImpl.java:117)
	at com.qa.tests.PostValidations.simplePost(PostValidations.java:22)
	at sun.reflect.NativeMethodAccessorImpl.invoke0(Native Method)
	at sun.reflect.NativeMethodAccessorImpl.invoke(NativeMethodAccessorImpl.java:62)
	at sun.reflect.DelegatingMethodAccessorImpl.invoke(DelegatingMethodAccessorImpl.java:43)
	at java.lang.reflect.Method.invoke(Method.java:498)
	at org.testng.internal.MethodInvocationHelper.invokeMethod(MethodInvocationHelper.java:85)
	at org.testng.internal.Invoker.invokeMethod(Invoker.java:639)
	at org.testng.internal.Invoker.invokeTestMethod(Invoker.java:816)
	at org.testng.internal.Invoker.invokeTestMethods(Invoker.java:1124)
	at org.testng.internal.TestMethodWorker.invokeTestMethods(TestMethodWorker.java:125)
	at org.testng.internal.TestMethodWorker.run(TestMethodWorker.java:108)
	at java.util.concurrent.ThreadPoolExecutor.runWorker(ThreadPoolExecutor.java:1149)
	at java.util.concurrent.ThreadPoolExecutor$Worker.run(ThreadPoolExecutor.java:624)
	at java.lang.Thread.run(Thread.java:748)
]]>
            </full-stacktrace>
          </exception> <!-- java.lang.AssertionError -->
          <reporter-output>
          </reporter-output>
        </test-method> <!-- simplePost -->
        <test-method status="FAIL" signature="testCreateIssue()[pri:0, instance:com.qa.tests.PostValidations@77cd7a0]" name="testCreateIssue" duration-ms="3326" started-at="2019-12-20T19:37:56Z" finished-at="2019-12-20T19:37:59Z">
          <exception class="java.lang.AssertionError">
            <message>
              <![CDATA[1 expectation failed.
Expected status code <201> but was <500>.
]]>
            </message>
            <full-stacktrace>
              <![CDATA[java.lang.AssertionError: 1 expectation failed.
Expected status code <201> but was <500>.

	at sun.reflect.NativeConstructorAccessorImpl.newInstance0(Native Method)
	at sun.reflect.NativeConstructorAccessorImpl.newInstance(NativeConstructorAccessorImpl.java:62)
	at sun.reflect.DelegatingConstructorAccessorImpl.newInstance(DelegatingConstructorAccessorImpl.java:45)
	at java.lang.reflect.Constructor.newInstance(Constructor.java:423)
	at org.codehaus.groovy.reflection.CachedConstructor.invoke(CachedConstructor.java:83)
	at org.codehaus.groovy.reflection.CachedConstructor.doConstructorInvoke(CachedConstructor.java:77)
	at org.codehaus.groovy.runtime.callsite.ConstructorSite$ConstructorSiteNoUnwrap.callConstructor(ConstructorSite.java:84)
	at org.codehaus.groovy.runtime.callsite.AbstractCallSite.callConstructor(AbstractCallSite.java:247)
	at io.restassured.internal.ResponseSpecificationImpl$HamcrestAssertionClosure.validate(ResponseSpecificationImpl.groovy:471)
	at io.restassured.internal.ResponseSpecificationImpl$HamcrestAssertionClosure$validate$1.call(Unknown Source)
	at io.restassured.internal.ResponseSpecificationImpl.validateResponseIfRequired(ResponseSpecificationImpl.groovy:636)
	at sun.reflect.GeneratedMethodAccessor66.invoke(Unknown Source)
	at sun.reflect.DelegatingMethodAccessorImpl.invoke(DelegatingMethodAccessorImpl.java:43)
	at java.lang.reflect.Method.invoke(Method.java:498)
	at org.codehaus.groovy.runtime.callsite.PogoMetaMethodSite$PogoCachedMethodSiteNoUnwrapNoCoerce.invoke(PogoMetaMethodSite.java:210)
	at org.codehaus.groovy.runtime.callsite.PogoMetaMethodSite.callCurrent(PogoMetaMethodSite.java:59)
	at org.codehaus.groovy.runtime.callsite.AbstractCallSite.callCurrent(AbstractCallSite.java:166)
	at io.restassured.internal.ResponseSpecificationImpl.statusCode(ResponseSpecificationImpl.groovy:122)
	at io.restassured.specification.ResponseSpecification$statusCode$0.callCurrent(Unknown Source)
	at io.restassured.internal.ResponseSpecificationImpl.statusCode(ResponseSpecificationImpl.groovy:130)
	at io.restassured.internal.ValidatableResponseOptionsImpl.statusCode(ValidatableResponseOptionsImpl.java:117)
	at com.qa.tests.PostValidations.testCreateIssue(PostValidations.java:45)
	at sun.reflect.NativeMethodAccessorImpl.invoke0(Native Method)
	at sun.reflect.NativeMethodAccessorImpl.invoke(NativeMethodAccessorImpl.java:62)
	at sun.reflect.DelegatingMethodAccessorImpl.invoke(DelegatingMethodAccessorImpl.java:43)
	at java.lang.reflect.Method.invoke(Method.java:498)
	at org.testng.internal.MethodInvocationHelper.invokeMethod(MethodInvocationHelper.java:85)
	at org.testng.internal.Invoker.invokeMethod(Invoker.java:639)
	at org.testng.internal.Invoker.invokeTestMethod(Invoker.java:816)
	at org.testng.internal.Invoker.invokeTestMethods(Invoker.java:1124)
	at org.testng.internal.TestMethodWorker.invokeTestMethods(TestMethodWorker.java:125)
	at org.testng.internal.TestMethodWorker.run(TestMethodWorker.java:108)
	at java.util.concurrent.ThreadPoolExecutor.runWorker(ThreadPoolExecutor.java:1149)
	at java.util.concurrent.ThreadPoolExecutor$Worker.run(ThreadPoolExecutor.java:624)
	at java.lang.Thread.run(Thread.java:748)
]]>
            </full-stacktrace>
          </exception> <!-- java.lang.AssertionError -->
          <reporter-output>
          </reporter-output>
        </test-method> <!-- testCreateIssue -->
      </class> <!-- com.qa.tests.PostValidations -->
      <class name="com.qa.tests.FlobizAssignment">
        <test-method status="PASS" signature="loadResources()[pri:0, instance:com.qa.tests.FlobizAssignment@343f4d3d]" name="loadResources" is-config="true" duration-ms="10" started-at="2019-12-20T19:36:03Z" finished-at="2019-12-20T19:36:03Z">
          <reporter-output>
          </reporter-output>
        </test-method> <!-- loadResources -->
        <test-method status="FAIL" signature="testCreateIssue()[pri:0, instance:com.qa.tests.FlobizAssignment@343f4d3d]" name="testCreateIssue" duration-ms="11635" started-at="2019-12-20T19:36:03Z" finished-at="2019-12-20T19:36:14Z">
          <exception class="java.lang.AssertionError">
            <message>
              <![CDATA[1 expectation failed.
Expected status code <201> but was <500>.
]]>
            </message>
            <full-stacktrace>
              <![CDATA[java.lang.AssertionError: 1 expectation failed.
Expected status code <201> but was <500>.

	at sun.reflect.NativeConstructorAccessorImpl.newInstance0(Native Method)
	at sun.reflect.NativeConstructorAccessorImpl.newInstance(NativeConstructorAccessorImpl.java:62)
	at sun.reflect.DelegatingConstructorAccessorImpl.newInstance(DelegatingConstructorAccessorImpl.java:45)
	at java.lang.reflect.Constructor.newInstance(Constructor.java:423)
	at org.codehaus.groovy.reflection.CachedConstructor.invoke(CachedConstructor.java:83)
	at org.codehaus.groovy.reflection.CachedConstructor.doConstructorInvoke(CachedConstructor.java:77)
	at org.codehaus.groovy.runtime.callsite.ConstructorSite$ConstructorSiteNoUnwrap.callConstructor(ConstructorSite.java:84)
	at org.codehaus.groovy.runtime.callsite.CallSiteArray.defaultCallConstructor(CallSiteArray.java:60)
	at org.codehaus.groovy.runtime.callsite.AbstractCallSite.callConstructor(AbstractCallSite.java:235)
	at org.codehaus.groovy.runtime.callsite.AbstractCallSite.callConstructor(AbstractCallSite.java:247)
	at io.restassured.internal.ResponseSpecificationImpl$HamcrestAssertionClosure.validate(ResponseSpecificationImpl.groovy:471)
	at io.restassured.internal.ResponseSpecificationImpl$HamcrestAssertionClosure$validate$1.call(Unknown Source)
	at org.codehaus.groovy.runtime.callsite.CallSiteArray.defaultCall(CallSiteArray.java:48)
	at org.codehaus.groovy.runtime.callsite.AbstractCallSite.call(AbstractCallSite.java:113)
	at org.codehaus.groovy.runtime.callsite.AbstractCallSite.call(AbstractCallSite.java:125)
	at io.restassured.internal.ResponseSpecificationImpl.validateResponseIfRequired(ResponseSpecificationImpl.groovy:636)
	at sun.reflect.NativeMethodAccessorImpl.invoke0(Native Method)
	at sun.reflect.NativeMethodAccessorImpl.invoke(NativeMethodAccessorImpl.java:62)
	at sun.reflect.DelegatingMethodAccessorImpl.invoke(DelegatingMethodAccessorImpl.java:43)
	at java.lang.reflect.Method.invoke(Method.java:498)
	at org.codehaus.groovy.runtime.callsite.PogoMetaMethodSite$PogoCachedMethodSiteNoUnwrapNoCoerce.invoke(PogoMetaMethodSite.java:210)
	at org.codehaus.groovy.runtime.callsite.PogoMetaMethodSite.callCurrent(PogoMetaMethodSite.java:59)
	at org.codehaus.groovy.runtime.callsite.CallSiteArray.defaultCallCurrent(CallSiteArray.java:52)
	at org.codehaus.groovy.runtime.callsite.AbstractCallSite.callCurrent(AbstractCallSite.java:154)
	at org.codehaus.groovy.runtime.callsite.AbstractCallSite.callCurrent(AbstractCallSite.java:166)
	at io.restassured.internal.ResponseSpecificationImpl.statusCode(ResponseSpecificationImpl.groovy:122)
	at io.restassured.specification.ResponseSpecification$statusCode$0.callCurrent(Unknown Source)
	at org.codehaus.groovy.runtime.callsite.CallSiteArray.defaultCallCurrent(CallSiteArray.java:52)
	at org.codehaus.groovy.runtime.callsite.AbstractCallSite.callCurrent(AbstractCallSite.java:154)
	at org.codehaus.groovy.runtime.callsite.AbstractCallSite.callCurrent(AbstractCallSite.java:166)
	at io.restassured.internal.ResponseSpecificationImpl.statusCode(ResponseSpecificationImpl.groovy:130)
	at io.restassured.internal.ValidatableResponseOptionsImpl.statusCode(ValidatableResponseOptionsImpl.java:117)
	at com.qa.tests.FlobizAssignment.testCreateIssue(FlobizAssignment.java:127)
	at sun.reflect.NativeMethodAccessorImpl.invoke0(Native Method)
	at sun.reflect.NativeMethodAccessorImpl.invoke(NativeMethodAccessorImpl.java:62)
	at sun.reflect.DelegatingMethodAccessorImpl.invoke(DelegatingMethodAccessorImpl.java:43)
	at java.lang.reflect.Method.invoke(Method.java:498)
	at org.testng.internal.MethodInvocationHelper.invokeMethod(MethodInvocationHelper.java:85)
	at org.testng.internal.Invoker.invokeMethod(Invoker.java:639)
	at org.testng.internal.Invoker.invokeTestMethod(Invoker.java:816)
	at org.testng.internal.Invoker.invokeTestMethods(Invoker.java:1124)
	at org.testng.internal.TestMethodWorker.invokeTestMethods(TestMethodWorker.java:125)
	at org.testng.internal.TestMethodWorker.run(TestMethodWorker.java:108)
	at java.util.concurrent.ThreadPoolExecutor.runWorker(ThreadPoolExecutor.java:1149)
	at java.util.concurrent.ThreadPoolExecutor$Worker.run(ThreadPoolExecutor.java:624)
	at java.lang.Thread.run(Thread.java:748)
]]>
            </full-stacktrace>
          </exception> <!-- java.lang.AssertionError -->
          <reporter-output>
          </reporter-output>
        </test-method> <!-- testCreateIssue -->
        <test-method status="PASS" signature="testCreateIssueErrorMessage()[pri:0, instance:com.qa.tests.FlobizAssignment@343f4d3d]" name="testCreateIssueErrorMessage" duration-ms="8465" started-at="2019-12-20T19:36:14Z" finished-at="2019-12-20T19:36:23Z">
          <reporter-output>
          </reporter-output>
        </test-method> <!-- testCreateIssueErrorMessage -->
        <test-method status="FAIL" signature="testIssueByFromEmail()[pri:0, instance:com.qa.tests.FlobizAssignment@343f4d3d]" name="testIssueByFromEmail" duration-ms="8874" started-at="2019-12-20T19:36:23Z" finished-at="2019-12-20T19:36:32Z">
          <exception class="junit.framework.AssertionFailedError">
            <message>
              <![CDATA[expected:<true> but was:<false>]]>
            </message>
            <full-stacktrace>
              <![CDATA[junit.framework.AssertionFailedError: expected:<true> but was:<false>
	at junit.framework.Assert.fail(Assert.java:50)
	at junit.framework.Assert.failNotEquals(Assert.java:287)
	at junit.framework.Assert.assertEquals(Assert.java:67)
	at junit.framework.Assert.assertEquals(Assert.java:147)
	at junit.framework.Assert.assertEquals(Assert.java:153)
	at com.qa.tests.FlobizAssignment.testIssueByFromEmail(FlobizAssignment.java:101)
	at sun.reflect.NativeMethodAccessorImpl.invoke0(Native Method)
	at sun.reflect.NativeMethodAccessorImpl.invoke(NativeMethodAccessorImpl.java:62)
	at sun.reflect.DelegatingMethodAccessorImpl.invoke(DelegatingMethodAccessorImpl.java:43)
	at java.lang.reflect.Method.invoke(Method.java:498)
	at org.testng.internal.MethodInvocationHelper.invokeMethod(MethodInvocationHelper.java:85)
	at org.testng.internal.Invoker.invokeMethod(Invoker.java:639)
	at org.testng.internal.Invoker.invokeTestMethod(Invoker.java:816)
	at org.testng.internal.Invoker.invokeTestMethods(Invoker.java:1124)
	at org.testng.internal.TestMethodWorker.invokeTestMethods(TestMethodWorker.java:125)
	at org.testng.internal.TestMethodWorker.run(TestMethodWorker.java:108)
	at java.util.concurrent.ThreadPoolExecutor.runWorker(ThreadPoolExecutor.java:1149)
	at java.util.concurrent.ThreadPoolExecutor$Worker.run(ThreadPoolExecutor.java:624)
	at java.lang.Thread.run(Thread.java:748)
]]>
            </full-stacktrace>
          </exception> <!-- junit.framework.AssertionFailedError -->
          <reporter-output>
          </reporter-output>
        </test-method> <!-- testIssueByFromEmail -->
        <test-method status="PASS" signature="testIssueById()[pri:0, instance:com.qa.tests.FlobizAssignment@343f4d3d]" name="testIssueById" duration-ms="2185" started-at="2019-12-20T19:36:32Z" finished-at="2019-12-20T19:36:34Z">
          <reporter-output>
          </reporter-output>
        </test-method> <!-- testIssueById -->
        <test-method status="PASS" signature="testListAll()[pri:0, instance:com.qa.tests.FlobizAssignment@343f4d3d]" name="testListAll" duration-ms="2366" started-at="2019-12-20T19:36:34Z" finished-at="2019-12-20T19:36:36Z">
          <reporter-output>
          </reporter-output>
        </test-method> <!-- testListAll -->
        <test-method status="FAIL" signature="testModifyIssue()[pri:0, instance:com.qa.tests.FlobizAssignment@343f4d3d]" name="testModifyIssue" duration-ms="2530" started-at="2019-12-20T19:36:36Z" finished-at="2019-12-20T19:36:39Z">
          <exception class="java.lang.AssertionError">
            <message>
              <![CDATA[1 expectation failed.
Expected status code <200> but was <500>.
]]>
            </message>
            <full-stacktrace>
              <![CDATA[java.lang.AssertionError: 1 expectation failed.
Expected status code <200> but was <500>.

	at sun.reflect.NativeConstructorAccessorImpl.newInstance0(Native Method)
	at sun.reflect.NativeConstructorAccessorImpl.newInstance(NativeConstructorAccessorImpl.java:62)
	at sun.reflect.DelegatingConstructorAccessorImpl.newInstance(DelegatingConstructorAccessorImpl.java:45)
	at java.lang.reflect.Constructor.newInstance(Constructor.java:423)
	at org.codehaus.groovy.reflection.CachedConstructor.invoke(CachedConstructor.java:83)
	at org.codehaus.groovy.reflection.CachedConstructor.doConstructorInvoke(CachedConstructor.java:77)
	at org.codehaus.groovy.runtime.callsite.ConstructorSite$ConstructorSiteNoUnwrap.callConstructor(ConstructorSite.java:84)
	at org.codehaus.groovy.runtime.callsite.AbstractCallSite.callConstructor(AbstractCallSite.java:247)
	at io.restassured.internal.ResponseSpecificationImpl$HamcrestAssertionClosure.validate(ResponseSpecificationImpl.groovy:471)
	at io.restassured.internal.ResponseSpecificationImpl$HamcrestAssertionClosure$validate$1.call(Unknown Source)
	at io.restassured.internal.ResponseSpecificationImpl.validateResponseIfRequired(ResponseSpecificationImpl.groovy:636)
	at sun.reflect.NativeMethodAccessorImpl.invoke0(Native Method)
	at sun.reflect.NativeMethodAccessorImpl.invoke(NativeMethodAccessorImpl.java:62)
	at sun.reflect.DelegatingMethodAccessorImpl.invoke(DelegatingMethodAccessorImpl.java:43)
	at java.lang.reflect.Method.invoke(Method.java:498)
	at org.codehaus.groovy.runtime.callsite.PogoMetaMethodSite$PogoCachedMethodSiteNoUnwrapNoCoerce.invoke(PogoMetaMethodSite.java:210)
	at org.codehaus.groovy.runtime.callsite.PogoMetaMethodSite.callCurrent(PogoMetaMethodSite.java:59)
	at org.codehaus.groovy.runtime.callsite.AbstractCallSite.callCurrent(AbstractCallSite.java:166)
	at io.restassured.internal.ResponseSpecificationImpl.statusCode(ResponseSpecificationImpl.groovy:122)
	at io.restassured.specification.ResponseSpecification$statusCode$0.callCurrent(Unknown Source)
	at io.restassured.internal.ResponseSpecificationImpl.statusCode(ResponseSpecificationImpl.groovy:130)
	at io.restassured.internal.ValidatableResponseOptionsImpl.statusCode(ValidatableResponseOptionsImpl.java:117)
	at com.qa.tests.FlobizAssignment.testModifyIssue(FlobizAssignment.java:146)
	at sun.reflect.NativeMethodAccessorImpl.invoke0(Native Method)
	at sun.reflect.NativeMethodAccessorImpl.invoke(NativeMethodAccessorImpl.java:62)
	at sun.reflect.DelegatingMethodAccessorImpl.invoke(DelegatingMethodAccessorImpl.java:43)
	at java.lang.reflect.Method.invoke(Method.java:498)
	at org.testng.internal.MethodInvocationHelper.invokeMethod(MethodInvocationHelper.java:85)
	at org.testng.internal.Invoker.invokeMethod(Invoker.java:639)
	at org.testng.internal.Invoker.invokeTestMethod(Invoker.java:816)
	at org.testng.internal.Invoker.invokeTestMethods(Invoker.java:1124)
	at org.testng.internal.TestMethodWorker.invokeTestMethods(TestMethodWorker.java:125)
	at org.testng.internal.TestMethodWorker.run(TestMethodWorker.java:108)
	at java.util.concurrent.ThreadPoolExecutor.runWorker(ThreadPoolExecutor.java:1149)
	at java.util.concurrent.ThreadPoolExecutor$Worker.run(ThreadPoolExecutor.java:624)
	at java.lang.Thread.run(Thread.java:748)
]]>
            </full-stacktrace>
          </exception> <!-- java.lang.AssertionError -->
          <reporter-output>
          </reporter-output>
        </test-method> <!-- testModifyIssue -->
        <test-method status="PASS" signature="testModifyIssueErrorMessage()[pri:0, instance:com.qa.tests.FlobizAssignment@343f4d3d]" name="testModifyIssueErrorMessage" duration-ms="2626" started-at="2019-12-20T19:36:39Z" finished-at="2019-12-20T19:36:41Z">
          <reporter-output>
          </reporter-output>
        </test-method> <!-- testModifyIssueErrorMessage -->
      </class> <!-- com.qa.tests.FlobizAssignment -->
      <class name="com.qa.tests.ResponseVerification">
        <test-method status="FAIL" signature="testCookiesInResponse()[pri:0, instance:com.qa.tests.ResponseVerification@204f30ec]" name="testCookiesInResponse" duration-ms="1274" started-at="2019-12-20T19:37:59Z" finished-at="2019-12-20T19:38:00Z">
          <exception class="java.lang.AssertionError">
            <message>
              <![CDATA[1 expectation failed.
Expected cookie "__cfduid" was not "ddfb7fa7cebeb7d4d698f28dad04e6a881575996976", was "d30cfdbc3697996271da3ef7e5b8926501576850879".
]]>
            </message>
            <full-stacktrace>
              <![CDATA[java.lang.AssertionError: 1 expectation failed.
Expected cookie "__cfduid" was not "ddfb7fa7cebeb7d4d698f28dad04e6a881575996976", was "d30cfdbc3697996271da3ef7e5b8926501576850879".

	at sun.reflect.NativeConstructorAccessorImpl.newInstance0(Native Method)
	at sun.reflect.NativeConstructorAccessorImpl.newInstance(NativeConstructorAccessorImpl.java:62)
	at sun.reflect.DelegatingConstructorAccessorImpl.newInstance(DelegatingConstructorAccessorImpl.java:45)
	at java.lang.reflect.Constructor.newInstance(Constructor.java:423)
	at org.codehaus.groovy.reflection.CachedConstructor.invoke(CachedConstructor.java:83)
	at org.codehaus.groovy.reflection.CachedConstructor.doConstructorInvoke(CachedConstructor.java:77)
	at org.codehaus.groovy.runtime.callsite.ConstructorSite$ConstructorSiteNoUnwrap.callConstructor(ConstructorSite.java:84)
	at org.codehaus.groovy.runtime.callsite.AbstractCallSite.callConstructor(AbstractCallSite.java:247)
	at io.restassured.internal.ResponseSpecificationImpl$HamcrestAssertionClosure.validate(ResponseSpecificationImpl.groovy:471)
	at io.restassured.internal.ResponseSpecificationImpl$HamcrestAssertionClosure$validate$1.call(Unknown Source)
	at io.restassured.internal.ResponseSpecificationImpl.validateResponseIfRequired(ResponseSpecificationImpl.groovy:636)
	at sun.reflect.GeneratedMethodAccessor66.invoke(Unknown Source)
	at sun.reflect.DelegatingMethodAccessorImpl.invoke(DelegatingMethodAccessorImpl.java:43)
	at java.lang.reflect.Method.invoke(Method.java:498)
	at org.codehaus.groovy.runtime.callsite.PogoMetaMethodSite$PogoCachedMethodSiteNoUnwrapNoCoerce.invoke(PogoMetaMethodSite.java:210)
	at org.codehaus.groovy.runtime.callsite.PogoMetaMethodSite.callCurrent(PogoMetaMethodSite.java:59)
	at org.codehaus.groovy.runtime.callsite.CallSiteArray.defaultCallCurrent(CallSiteArray.java:52)
	at org.codehaus.groovy.runtime.callsite.AbstractCallSite.callCurrent(AbstractCallSite.java:154)
	at org.codehaus.groovy.runtime.callsite.AbstractCallSite.callCurrent(AbstractCallSite.java:166)
	at io.restassured.internal.ResponseSpecificationImpl.cookie(ResponseSpecificationImpl.groovy:215)
	at io.restassured.specification.ResponseSpecification$cookie$5.callCurrent(Unknown Source)
	at org.codehaus.groovy.runtime.callsite.CallSiteArray.defaultCallCurrent(CallSiteArray.java:52)
	at org.codehaus.groovy.runtime.callsite.AbstractCallSite.callCurrent(AbstractCallSite.java:154)
	at org.codehaus.groovy.runtime.callsite.AbstractCallSite.callCurrent(AbstractCallSite.java:174)
	at io.restassured.internal.ResponseSpecificationImpl.cookie(ResponseSpecificationImpl.groovy:227)
	at io.restassured.internal.ValidatableResponseOptionsImpl.cookie(ValidatableResponseOptionsImpl.java:186)
	at com.qa.tests.ResponseVerification.testCookiesInResponse(ResponseVerification.java:49)
	at sun.reflect.NativeMethodAccessorImpl.invoke0(Native Method)
	at sun.reflect.NativeMethodAccessorImpl.invoke(NativeMethodAccessorImpl.java:62)
	at sun.reflect.DelegatingMethodAccessorImpl.invoke(DelegatingMethodAccessorImpl.java:43)
	at java.lang.reflect.Method.invoke(Method.java:498)
	at org.testng.internal.MethodInvocationHelper.invokeMethod(MethodInvocationHelper.java:85)
	at org.testng.internal.Invoker.invokeMethod(Invoker.java:639)
	at org.testng.internal.Invoker.invokeTestMethod(Invoker.java:816)
	at org.testng.internal.Invoker.invokeTestMethods(Invoker.java:1124)
	at org.testng.internal.TestMethodWorker.invokeTestMethods(TestMethodWorker.java:125)
	at org.testng.internal.TestMethodWorker.run(TestMethodWorker.java:108)
	at java.util.concurrent.ThreadPoolExecutor.runWorker(ThreadPoolExecutor.java:1149)
	at java.util.concurrent.ThreadPoolExecutor$Worker.run(ThreadPoolExecutor.java:624)
	at java.lang.Thread.run(Thread.java:748)
]]>
            </full-stacktrace>
          </exception> <!-- java.lang.AssertionError -->
          <reporter-output>
          </reporter-output>
        </test-method> <!-- testCookiesInResponse -->
        <test-method status="PASS" signature="testHeadersInResponse()[pri:0, instance:com.qa.tests.ResponseVerification@204f30ec]" name="testHeadersInResponse" duration-ms="2730" started-at="2019-12-20T19:38:00Z" finished-at="2019-12-20T19:38:03Z">
          <reporter-output>
          </reporter-output>
        </test-method> <!-- testHeadersInResponse -->
        <test-method status="PASS" signature="testResponseTime()[pri:0, instance:com.qa.tests.ResponseVerification@204f30ec]" name="testResponseTime" duration-ms="4738" started-at="2019-12-20T19:38:03Z" finished-at="2019-12-20T19:38:08Z">
          <reporter-output>
          </reporter-output>
        </test-method> <!-- testResponseTime -->
        <test-method status="PASS" signature="testStauslineInResponse()[pri:0, instance:com.qa.tests.ResponseVerification@204f30ec]" name="testStauslineInResponse" duration-ms="3040" started-at="2019-12-20T19:38:08Z" finished-at="2019-12-20T19:38:11Z">
          <reporter-output>
          </reporter-output>
        </test-method> <!-- testStauslineInResponse -->
      </class> <!-- com.qa.tests.ResponseVerification -->
      <class name="com.qa.tests.GETValidations">
        <test-method status="PASS" signature="testEqualToFunction()[pri:0, instance:com.qa.tests.GETValidations@53b32d7]" name="testEqualToFunction" duration-ms="2507" started-at="2019-12-20T19:36:41Z" finished-at="2019-12-20T19:36:44Z">
          <reporter-output>
          </reporter-output>
        </test-method> <!-- testEqualToFunction -->
        <test-method status="PASS" signature="testExractDetailWithPath()[pri:0, instance:com.qa.tests.GETValidations@53b32d7]" name="testExractDetailWithPath" duration-ms="9725" started-at="2019-12-20T19:36:44Z" finished-at="2019-12-20T19:36:54Z">
          <reporter-output>
          </reporter-output>
        </test-method> <!-- testExractDetailWithPath -->
        <test-method status="PASS" signature="testExractResponse()[pri:0, instance:com.qa.tests.GETValidations@53b32d7]" name="testExractResponse" duration-ms="4568" started-at="2019-12-20T19:36:54Z" finished-at="2019-12-20T19:36:58Z">
          <reporter-output>
          </reporter-output>
        </test-method> <!-- testExractResponse -->
        <test-method status="PASS" signature="testHasItems()[pri:0, instance:com.qa.tests.GETValidations@53b32d7]" name="testHasItems" duration-ms="427" started-at="2019-12-20T19:36:58Z" finished-at="2019-12-20T19:36:59Z">
          <reporter-output>
          </reporter-output>
        </test-method> <!-- testHasItems -->
        <test-method status="PASS" signature="testHeader()[pri:0, instance:com.qa.tests.GETValidations@53b32d7]" name="testHeader" duration-ms="1646" started-at="2019-12-20T19:36:59Z" finished-at="2019-12-20T19:37:00Z">
          <reporter-output>
          </reporter-output>
        </test-method> <!-- testHeader -->
        <test-method status="FAIL" signature="testHeaderParameter()[pri:0, instance:com.qa.tests.GETValidations@53b32d7]" name="testHeaderParameter" duration-ms="1347" started-at="2019-12-20T19:37:00Z" finished-at="2019-12-20T19:37:02Z">
          <exception class="java.lang.AssertionError">
            <message>
              <![CDATA[1 expectation failed.
Expected status code <200> but was <404>.
]]>
            </message>
            <full-stacktrace>
              <![CDATA[java.lang.AssertionError: 1 expectation failed.
Expected status code <200> but was <404>.

	at sun.reflect.NativeConstructorAccessorImpl.newInstance0(Native Method)
	at sun.reflect.NativeConstructorAccessorImpl.newInstance(NativeConstructorAccessorImpl.java:62)
	at sun.reflect.DelegatingConstructorAccessorImpl.newInstance(DelegatingConstructorAccessorImpl.java:45)
	at java.lang.reflect.Constructor.newInstance(Constructor.java:423)
	at org.codehaus.groovy.reflection.CachedConstructor.invoke(CachedConstructor.java:83)
	at org.codehaus.groovy.reflection.CachedConstructor.doConstructorInvoke(CachedConstructor.java:77)
	at org.codehaus.groovy.runtime.callsite.ConstructorSite$ConstructorSiteNoUnwrap.callConstructor(ConstructorSite.java:84)
	at org.codehaus.groovy.runtime.callsite.AbstractCallSite.callConstructor(AbstractCallSite.java:247)
	at io.restassured.internal.ResponseSpecificationImpl$HamcrestAssertionClosure.validate(ResponseSpecificationImpl.groovy:471)
	at io.restassured.internal.ResponseSpecificationImpl$HamcrestAssertionClosure$validate$1.call(Unknown Source)
	at io.restassured.internal.ResponseSpecificationImpl.validateResponseIfRequired(ResponseSpecificationImpl.groovy:636)
	at sun.reflect.GeneratedMethodAccessor66.invoke(Unknown Source)
	at sun.reflect.DelegatingMethodAccessorImpl.invoke(DelegatingMethodAccessorImpl.java:43)
	at java.lang.reflect.Method.invoke(Method.java:498)
	at org.codehaus.groovy.runtime.callsite.PogoMetaMethodSite$PogoCachedMethodSiteNoUnwrapNoCoerce.invoke(PogoMetaMethodSite.java:210)
	at org.codehaus.groovy.runtime.callsite.PogoMetaMethodSite.callCurrent(PogoMetaMethodSite.java:59)
	at org.codehaus.groovy.runtime.callsite.AbstractCallSite.callCurrent(AbstractCallSite.java:166)
	at io.restassured.internal.ResponseSpecificationImpl.statusCode(ResponseSpecificationImpl.groovy:122)
	at io.restassured.specification.ResponseSpecification$statusCode$0.callCurrent(Unknown Source)
	at io.restassured.internal.ResponseSpecificationImpl.statusCode(ResponseSpecificationImpl.groovy:130)
	at io.restassured.internal.ValidatableResponseOptionsImpl.statusCode(ValidatableResponseOptionsImpl.java:117)
	at com.qa.tests.GETValidations.testHeaderParameter(GETValidations.java:120)
	at sun.reflect.NativeMethodAccessorImpl.invoke0(Native Method)
	at sun.reflect.NativeMethodAccessorImpl.invoke(NativeMethodAccessorImpl.java:62)
	at sun.reflect.DelegatingMethodAccessorImpl.invoke(DelegatingMethodAccessorImpl.java:43)
	at java.lang.reflect.Method.invoke(Method.java:498)
	at org.testng.internal.MethodInvocationHelper.invokeMethod(MethodInvocationHelper.java:85)
	at org.testng.internal.Invoker.invokeMethod(Invoker.java:639)
	at org.testng.internal.Invoker.invokeTestMethod(Invoker.java:816)
	at org.testng.internal.Invoker.invokeTestMethods(Invoker.java:1124)
	at org.testng.internal.TestMethodWorker.invokeTestMethods(TestMethodWorker.java:125)
	at org.testng.internal.TestMethodWorker.run(TestMethodWorker.java:108)
	at java.util.concurrent.ThreadPoolExecutor.runWorker(ThreadPoolExecutor.java:1149)
	at java.util.concurrent.ThreadPoolExecutor$Worker.run(ThreadPoolExecutor.java:624)
	at java.lang.Thread.run(Thread.java:748)
]]>
            </full-stacktrace>
          </exception> <!-- java.lang.AssertionError -->
          <reporter-output>
          </reporter-output>
        </test-method> <!-- testHeaderParameter -->
        <test-method status="PASS" signature="testJSONarray()[pri:0, instance:com.qa.tests.GETValidations@53b32d7]" name="testJSONarray" duration-ms="788" started-at="2019-12-20T19:37:02Z" finished-at="2019-12-20T19:37:02Z">
          <reporter-output>
          </reporter-output>
        </test-method> <!-- testJSONarray -->
        <test-method status="PASS" signature="testLogging()[pri:0, instance:com.qa.tests.GETValidations@53b32d7]" name="testLogging" duration-ms="431" started-at="2019-12-20T19:37:02Z" finished-at="2019-12-20T19:37:03Z">
          <reporter-output>
          </reporter-output>
        </test-method> <!-- testLogging -->
        <test-method status="PASS" signature="testPathParameter()[pri:0, instance:com.qa.tests.GETValidations@53b32d7]" name="testPathParameter" duration-ms="1018" started-at="2019-12-20T19:37:03Z" finished-at="2019-12-20T19:37:04Z">
          <reporter-output>
          </reporter-output>
        </test-method> <!-- testPathParameter -->
        <test-method status="PASS" signature="testQueryParameter()[pri:0, instance:com.qa.tests.GETValidations@53b32d7]" name="testQueryParameter" duration-ms="1128" started-at="2019-12-20T19:37:04Z" finished-at="2019-12-20T19:37:05Z">
          <reporter-output>
          </reporter-output>
        </test-method> <!-- testQueryParameter -->
        <test-method status="PASS" signature="testSetCookies()[pri:0, instance:com.qa.tests.GETValidations@53b32d7]" name="testSetCookies" duration-ms="1394" started-at="2019-12-20T19:37:05Z" finished-at="2019-12-20T19:37:06Z">
          <reporter-output>
          </reporter-output>
        </test-method> <!-- testSetCookies -->
        <test-method status="PASS" signature="testSetMultivalueParameter()[pri:0, instance:com.qa.tests.GETValidations@53b32d7]" name="testSetMultivalueParameter" duration-ms="1320" started-at="2019-12-20T19:37:06Z" finished-at="2019-12-20T19:37:08Z">
          <reporter-output>
          </reporter-output>
        </test-method> <!-- testSetMultivalueParameter -->
        <test-method status="PASS" signature="testSetPathParameter()[pri:0, instance:com.qa.tests.GETValidations@53b32d7]" name="testSetPathParameter" duration-ms="805" started-at="2019-12-20T19:37:08Z" finished-at="2019-12-20T19:37:09Z">
          <reporter-output>
          </reporter-output>
        </test-method> <!-- testSetPathParameter -->
        <test-method status="PASS" signature="testStatusCode()[pri:0, instance:com.qa.tests.GETValidations@53b32d7]" name="testStatusCode" duration-ms="1146" started-at="2019-12-20T19:37:09Z" finished-at="2019-12-20T19:37:10Z">
          <reporter-output>
          </reporter-output>
        </test-method> <!-- testStatusCode -->
        <test-method status="PASS" signature="testWithRoot()[pri:0, instance:com.qa.tests.GETValidations@53b32d7]" name="testWithRoot" duration-ms="1976" started-at="2019-12-20T19:37:10Z" finished-at="2019-12-20T19:37:12Z">
          <reporter-output>
          </reporter-output>
        </test-method> <!-- testWithRoot -->
        <test-method status="PASS" signature="testxmlOutput()[pri:0, instance:com.qa.tests.GETValidations@53b32d7]" name="testxmlOutput" duration-ms="1336" started-at="2019-12-20T19:37:12Z" finished-at="2019-12-20T19:37:13Z">
          <reporter-output>
          </reporter-output>
        </test-method> <!-- testxmlOutput -->
      </class> <!-- com.qa.tests.GETValidations -->
      <class name="com.qa.tests.SpecBuilderValidation">
        <test-method status="PASS" signature="setUpReqSpec()[pri:0, instance:com.qa.tests.SpecBuilderValidation@e25b2fe]" name="setUpReqSpec" is-config="true" duration-ms="10" started-at="2019-12-20T19:38:11Z" finished-at="2019-12-20T19:38:11Z">
          <reporter-output>
          </reporter-output>
        </test-method> <!-- setUpReqSpec -->
        <test-method status="PASS" signature="setUpResSpec()[pri:0, instance:com.qa.tests.SpecBuilderValidation@e25b2fe]" name="setUpResSpec" is-config="true" duration-ms="8" started-at="2019-12-20T19:38:11Z" finished-at="2019-12-20T19:38:11Z">
          <reporter-output>
          </reporter-output>
        </test-method> <!-- setUpResSpec -->
        <test-method status="PASS" signature="testresponse()[pri:0, instance:com.qa.tests.SpecBuilderValidation@e25b2fe]" name="testresponse" duration-ms="2134" started-at="2019-12-20T19:38:11Z" finished-at="2019-12-20T19:38:13Z">
          <reporter-output>
          </reporter-output>
        </test-method> <!-- testresponse -->
      </class> <!-- com.qa.tests.SpecBuilderValidation -->
      <class name="com.qa.tests.GroovyFeatures">
        <test-method status="PASS" signature="testCountNodes()[pri:0, instance:com.qa.tests.GroovyFeatures@5442a311]" name="testCountNodes" duration-ms="2806" started-at="2019-12-20T19:37:13Z" finished-at="2019-12-20T19:37:16Z">
          <reporter-output>
          </reporter-output>
        </test-method> <!-- testCountNodes -->
        <test-method status="PASS" signature="testHasItems()[pri:0, instance:com.qa.tests.GroovyFeatures@5442a311]" name="testHasItems" duration-ms="3770" started-at="2019-12-20T19:37:16Z" finished-at="2019-12-20T19:37:20Z">
          <reporter-output>
          </reporter-output>
        </test-method> <!-- testHasItems -->
        <test-method status="PASS" signature="testJsonPath()[pri:0, instance:com.qa.tests.GroovyFeatures@5442a311]" name="testJsonPath" duration-ms="3706" started-at="2019-12-20T19:37:20Z" finished-at="2019-12-20T19:37:23Z">
          <reporter-output>
          </reporter-output>
        </test-method> <!-- testJsonPath -->
        <test-method status="PASS" signature="testListOfNodes()[pri:0, instance:com.qa.tests.GroovyFeatures@5442a311]" name="testListOfNodes" duration-ms="2970" started-at="2019-12-20T19:37:23Z" finished-at="2019-12-20T19:37:26Z">
          <reporter-output>
          </reporter-output>
        </test-method> <!-- testListOfNodes -->
        <test-method status="PASS" signature="testSchema()[pri:0, instance:com.qa.tests.GroovyFeatures@5442a311]" name="testSchema" duration-ms="3444" started-at="2019-12-20T19:37:26Z" finished-at="2019-12-20T19:37:30Z">
          <reporter-output>
          </reporter-output>
        </test-method> <!-- testSchema -->
      </class> <!-- com.qa.tests.GroovyFeatures -->
      <class name="com.qa.tests.HeadersAndCookiesValidation">
        <test-method status="PASS" signature="testCookies()[pri:0, instance:com.qa.tests.HeadersAndCookiesValidation@1a968a59]" name="testCookies" duration-ms="2515" started-at="2019-12-20T19:37:41Z" finished-at="2019-12-20T19:37:43Z">
          <reporter-output>
          </reporter-output>
        </test-method> <!-- testCookies -->
        <test-method status="PASS" signature="testDetailedCookies()[pri:0, instance:com.qa.tests.HeadersAndCookiesValidation@1a968a59]" name="testDetailedCookies" duration-ms="3111" started-at="2019-12-20T19:37:43Z" finished-at="2019-12-20T19:37:47Z">
          <reporter-output>
          </reporter-output>
        </test-method> <!-- testDetailedCookies -->
        <test-method status="PASS" signature="testHeaders()[pri:0, instance:com.qa.tests.HeadersAndCookiesValidation@1a968a59]" name="testHeaders" duration-ms="3992" started-at="2019-12-20T19:37:47Z" finished-at="2019-12-20T19:37:51Z">
          <reporter-output>
          </reporter-output>
        </test-method> <!-- testHeaders -->
        <test-method status="FAIL" signature="testSetMultiCookies()[pri:0, instance:com.qa.tests.HeadersAndCookiesValidation@1a968a59]" name="testSetMultiCookies" duration-ms="2027" started-at="2019-12-20T19:37:51Z" finished-at="2019-12-20T19:37:53Z">
          <exception class="java.net.ConnectException">
            <message>
              <![CDATA[Connection refused: connect]]>
            </message>
            <full-stacktrace>
              <![CDATA[java.net.ConnectException: Connection refused: connect
	at java.net.DualStackPlainSocketImpl.connect0(Native Method)
	at java.net.DualStackPlainSocketImpl.socketConnect(DualStackPlainSocketImpl.java:79)
	at java.net.AbstractPlainSocketImpl.doConnect(AbstractPlainSocketImpl.java:350)
	at java.net.AbstractPlainSocketImpl.connectToAddress(AbstractPlainSocketImpl.java:206)
	at java.net.AbstractPlainSocketImpl.connect(AbstractPlainSocketImpl.java:188)
	at java.net.PlainSocketImpl.connect(PlainSocketImpl.java:172)
	at java.net.SocksSocketImpl.connect(SocksSocketImpl.java:392)
	at java.net.Socket.connect(Socket.java:606)
	at org.apache.http.conn.scheme.PlainSocketFactory.connectSocket(PlainSocketFactory.java:120)
	at org.apache.http.impl.conn.DefaultClientConnectionOperator.openConnection(DefaultClientConnectionOperator.java:179)
	at org.apache.http.impl.conn.ManagedClientConnectionImpl.open(ManagedClientConnectionImpl.java:328)
	at org.apache.http.impl.client.DefaultRequestDirector.tryConnect(DefaultRequestDirector.java:612)
	at org.apache.http.impl.client.DefaultRequestDirector.execute(DefaultRequestDirector.java:447)
	at org.apache.http.impl.client.AbstractHttpClient.doExecute(AbstractHttpClient.java:884)
	at org.apache.http.impl.client.CloseableHttpClient.execute(CloseableHttpClient.java:82)
	at org.apache.http.impl.client.CloseableHttpClient.execute(CloseableHttpClient.java:55)
	at org.apache.http.client.HttpClient$execute$0.call(Unknown Source)
	at io.restassured.internal.RequestSpecificationImpl$RestAssuredHttpBuilder.doRequest(RequestSpecificationImpl.groovy:2119)
	at io.restassured.internal.http.HTTPBuilder.doRequest(HTTPBuilder.java:494)
	at io.restassured.internal.http.HTTPBuilder.request(HTTPBuilder.java:451)
	at io.restassured.internal.http.HTTPBuilder$request$3.call(Unknown Source)
	at io.restassured.internal.RequestSpecificationImpl.sendHttpRequest(RequestSpecificationImpl.groovy:1522)
	at sun.reflect.GeneratedMethodAccessor136.invoke(Unknown Source)
	at sun.reflect.DelegatingMethodAccessorImpl.invoke(DelegatingMethodAccessorImpl.java:43)
	at java.lang.reflect.Method.invoke(Method.java:498)
	at org.codehaus.groovy.reflection.CachedMethod.invoke(CachedMethod.java:93)
	at groovy.lang.MetaMethod.doMethodInvoke(MetaMethod.java:325)
	at groovy.lang.MetaClassImpl.invokeMethod(MetaClassImpl.java:1212)
	at groovy.lang.MetaClassImpl.invokeMethod(MetaClassImpl.java:1021)
	at groovy.lang.MetaClassImpl.invokeMethod(MetaClassImpl.java:812)
	at io.restassured.internal.RequestSpecificationImpl.invokeMethod(RequestSpecificationImpl.groovy)
	at org.codehaus.groovy.runtime.callsite.PogoInterceptableSite.call(PogoInterceptableSite.java:48)
	at org.codehaus.groovy.runtime.callsite.PogoInterceptableSite.callCurrent(PogoInterceptableSite.java:58)
	at io.restassured.internal.RequestSpecificationImpl.sendRequest(RequestSpecificationImpl.groovy:1288)
	at sun.reflect.GeneratedMethodAccessor89.invoke(Unknown Source)
	at sun.reflect.DelegatingMethodAccessorImpl.invoke(DelegatingMethodAccessorImpl.java:43)
	at java.lang.reflect.Method.invoke(Method.java:498)
	at org.codehaus.groovy.reflection.CachedMethod.invoke(CachedMethod.java:93)
	at groovy.lang.MetaMethod.doMethodInvoke(MetaMethod.java:325)
	at groovy.lang.MetaClassImpl.invokeMethod(MetaClassImpl.java:1212)
	at groovy.lang.MetaClassImpl.invokeMethod(MetaClassImpl.java:1021)
	at groovy.lang.MetaClassImpl.invokeMethod(MetaClassImpl.java:812)
	at io.restassured.internal.RequestSpecificationImpl.invokeMethod(RequestSpecificationImpl.groovy)
	at org.codehaus.groovy.runtime.callsite.PogoInterceptableSite.call(PogoInterceptableSite.java:48)
	at org.codehaus.groovy.runtime.callsite.AbstractCallSite.call(AbstractCallSite.java:149)
	at io.restassured.internal.filter.SendRequestFilter.filter(SendRequestFilter.groovy:30)
	at io.restassured.filter.Filter$filter$0.call(Unknown Source)
	at org.codehaus.groovy.runtime.callsite.CallSiteArray.defaultCall(CallSiteArray.java:48)
	at io.restassured.filter.Filter$filter.call(Unknown Source)
	at io.restassured.internal.filter.FilterContextImpl.next(FilterContextImpl.groovy:72)
	at io.restassured.filter.time.TimingFilter.filter(TimingFilter.java:56)
	at io.restassured.filter.Filter$filter.call(Unknown Source)
	at org.codehaus.groovy.runtime.callsite.CallSiteArray.defaultCall(CallSiteArray.java:48)
	at io.restassured.filter.Filter$filter$0.call(Unknown Source)
	at io.restassured.internal.filter.FilterContextImpl.next(FilterContextImpl.groovy:72)
	at io.restassured.filter.FilterContext$next.call(Unknown Source)
	at io.restassured.internal.RequestSpecificationImpl.applyPathParamsAndSendRequest(RequestSpecificationImpl.groovy:1722)
	at sun.reflect.GeneratedMethodAccessor83.invoke(Unknown Source)
	at sun.reflect.DelegatingMethodAccessorImpl.invoke(DelegatingMethodAccessorImpl.java:43)
	at java.lang.reflect.Method.invoke(Method.java:498)
	at org.codehaus.groovy.reflection.CachedMethod.invoke(CachedMethod.java:93)
	at groovy.lang.MetaMethod.doMethodInvoke(MetaMethod.java:325)
	at groovy.lang.MetaClassImpl.invokeMethod(MetaClassImpl.java:1212)
	at groovy.lang.MetaClassImpl.invokeMethod(MetaClassImpl.java:1021)
	at groovy.lang.MetaClassImpl.invokeMethod(MetaClassImpl.java:812)
	at io.restassured.internal.RequestSpecificationImpl.invokeMethod(RequestSpecificationImpl.groovy)
	at org.codehaus.groovy.runtime.callsite.PogoInterceptableSite.call(PogoInterceptableSite.java:48)
	at org.codehaus.groovy.runtime.callsite.PogoInterceptableSite.callCurrent(PogoInterceptableSite.java:58)
	at org.codehaus.groovy.runtime.callsite.AbstractCallSite.callCurrent(AbstractCallSite.java:182)
	at io.restassured.internal.RequestSpecificationImpl.applyPathParamsAndSendRequest(RequestSpecificationImpl.groovy:1728)
	at sun.reflect.GeneratedMethodAccessor82.invoke(Unknown Source)
	at sun.reflect.DelegatingMethodAccessorImpl.invoke(DelegatingMethodAccessorImpl.java:43)
	at java.lang.reflect.Method.invoke(Method.java:498)
	at org.codehaus.groovy.reflection.CachedMethod.invoke(CachedMethod.java:93)
	at groovy.lang.MetaMethod.doMethodInvoke(MetaMethod.java:325)
	at groovy.lang.MetaClassImpl.invokeMethod(MetaClassImpl.java:1212)
	at groovy.lang.MetaClassImpl.invokeMethod(MetaClassImpl.java:1021)
	at groovy.lang.MetaClassImpl.invokeMethod(MetaClassImpl.java:812)
	at io.restassured.internal.RequestSpecificationImpl.invokeMethod(RequestSpecificationImpl.groovy)
	at org.codehaus.groovy.runtime.callsite.PogoInterceptableSite.call(PogoInterceptableSite.java:48)
	at org.codehaus.groovy.runtime.callsite.PogoInterceptableSite.callCurrent(PogoInterceptableSite.java:58)
	at org.codehaus.groovy.runtime.callsite.AbstractCallSite.callCurrent(AbstractCallSite.java:182)
	at io.restassured.internal.RequestSpecificationImpl.get(RequestSpecificationImpl.groovy:168)
	at io.restassured.internal.RequestSpecificationImpl.get(RequestSpecificationImpl.groovy)
	at com.qa.tests.HeadersAndCookiesValidation.testSetMultiCookies(HeadersAndCookiesValidation.java:83)
	at sun.reflect.NativeMethodAccessorImpl.invoke0(Native Method)
	at sun.reflect.NativeMethodAccessorImpl.invoke(NativeMethodAccessorImpl.java:62)
	at sun.reflect.DelegatingMethodAccessorImpl.invoke(DelegatingMethodAccessorImpl.java:43)
	at java.lang.reflect.Method.invoke(Method.java:498)
	at org.testng.internal.MethodInvocationHelper.invokeMethod(MethodInvocationHelper.java:85)
	at org.testng.internal.Invoker.invokeMethod(Invoker.java:639)
	at org.testng.internal.Invoker.invokeTestMethod(Invoker.java:816)
	at org.testng.internal.Invoker.invokeTestMethods(Invoker.java:1124)
	at org.testng.internal.TestMethodWorker.invokeTestMethods(TestMethodWorker.java:125)
	at org.testng.internal.TestMethodWorker.run(TestMethodWorker.java:108)
	at java.util.concurrent.ThreadPoolExecutor.runWorker(ThreadPoolExecutor.java:1149)
	at java.util.concurrent.ThreadPoolExecutor$Worker.run(ThreadPoolExecutor.java:624)
	at java.lang.Thread.run(Thread.java:748)
]]>
            </full-stacktrace>
          </exception> <!-- java.net.ConnectException -->
          <reporter-output>
          </reporter-output>
        </test-method> <!-- testSetMultiCookies -->
      </class> <!-- com.qa.tests.HeadersAndCookiesValidation -->
      <class name="com.qa.tests.LoggingValidations">
        <test-method status="PASS" signature="responseSpec()[pri:0, instance:com.qa.tests.LoggingValidations@4667ae56]" name="responseSpec" is-config="true" duration-ms="0" started-at="2019-12-20T19:37:53Z" finished-at="2019-12-20T19:37:53Z">
          <reporter-output>
          </reporter-output>
        </test-method> <!-- responseSpec -->
        <test-method status="PASS" signature="loggingTest()[pri:0, instance:com.qa.tests.LoggingValidations@4667ae56]" name="loggingTest" duration-ms="1873" started-at="2019-12-20T19:37:53Z" finished-at="2019-12-20T19:37:54Z">
          <reporter-output>
          </reporter-output>
        </test-method> <!-- loggingTest -->
      </class> <!-- com.qa.tests.LoggingValidations -->
    </test> <!-- Rest Basic Validations -->
  </suite> <!-- Test Suite -->
</testng-results>
