<?xml version="1.0" encoding="UTF-8"?>
<!-- Generated by org.testng.reporters.JUnitReportReporter -->
<testsuite hostname="DESKTOP-791EE4Q" name="com.qa.tests.GETValidations" tests="16" failures="1" timestamp="22 Dec 2019 15:26:20 GMT" time="31.228" errors="0">
  <testcase name="testJSONarray" time="1.104" classname="com.qa.tests.GETValidations"/>
  <testcase name="testxmlOutput" time="1.044" classname="com.qa.tests.GETValidations"/>
  <testcase name="testExractDetailWithPath" time="2.872" classname="com.qa.tests.GETValidations"/>
  <testcase name="testQueryParameter" time="2.898" classname="com.qa.tests.GETValidations"/>
  <testcase name="testSetMultivalueParameter" time="1.616" classname="com.qa.tests.GETValidations"/>
  <testcase name="testHasItems" time="2.765" classname="com.qa.tests.GETValidations"/>
  <testcase name="testSetPathParameter" time="0.542" classname="com.qa.tests.GETValidations"/>
  <testcase name="testLogging" time="1.102" classname="com.qa.tests.GETValidations"/>
  <testcase name="testWithRoot" time="2.780" classname="com.qa.tests.GETValidations"/>
  <testcase name="testExractResponse" time="0.461" classname="com.qa.tests.GETValidations"/>
  <testcase name="testPathParameter" time="3.704" classname="com.qa.tests.GETValidations"/>
  <testcase name="testStatusCode" time="1.326" classname="com.qa.tests.GETValidations"/>
  <testcase name="testEqualToFunction" time="1.285" classname="com.qa.tests.GETValidations"/>
  <testcase name="testHeaderParameter" time="3.346" classname="com.qa.tests.GETValidations">
    <failure type="java.lang.AssertionError" message="1 expectation failed.
Expected status code &lt;200&gt; but was &lt;404&gt;.
">
      <![CDATA[java.lang.AssertionError: 1 expectation failed.
Expected status code <200> but was <404>.

	at sun.reflect.NativeConstructorAccessorImpl.newInstance0(Native Method)
	at sun.reflect.NativeConstructorAccessorImpl.newInstance(NativeConstructorAccessorImpl.java:62)
	at sun.reflect.DelegatingConstructorAccessorImpl.newInstance(DelegatingConstructorAccessorImpl.java:45)
	at java.lang.reflect.Constructor.newInstance(Constructor.java:423)
	at org.codehaus.groovy.reflection.CachedConstructor.invoke(CachedConstructor.java:83)
	at org.codehaus.groovy.reflection.CachedConstructor.doConstructorInvoke(CachedConstructor.java:77)
	at org.codehaus.groovy.runtime.callsite.ConstructorSite$ConstructorSiteNoUnwrap.callConstructor(ConstructorSite.java:84)
	at org.codehaus.groovy.runtime.callsite.AbstractCallSite.callConstructor(AbstractCallSite.java:247)
	at io.restassured.internal.ResponseSpecificationImpl$HamcrestAssertionClosure.validate(ResponseSpecificationImpl.groovy:471)
	at io.restassured.internal.ResponseSpecificationImpl$HamcrestAssertionClosure$validate$1.call(Unknown Source)
	at io.restassured.internal.ResponseSpecificationImpl.validateResponseIfRequired(ResponseSpecificationImpl.groovy:636)
	at sun.reflect.GeneratedMethodAccessor66.invoke(Unknown Source)
	at sun.reflect.DelegatingMethodAccessorImpl.invoke(DelegatingMethodAccessorImpl.java:43)
	at java.lang.reflect.Method.invoke(Method.java:498)
	at org.codehaus.groovy.runtime.callsite.PogoMetaMethodSite$PogoCachedMethodSiteNoUnwrapNoCoerce.invoke(PogoMetaMethodSite.java:210)
	at org.codehaus.groovy.runtime.callsite.PogoMetaMethodSite.callCurrent(PogoMetaMethodSite.java:59)
	at org.codehaus.groovy.runtime.callsite.AbstractCallSite.callCurrent(AbstractCallSite.java:166)
	at io.restassured.internal.ResponseSpecificationImpl.statusCode(ResponseSpecificationImpl.groovy:122)
	at io.restassured.specification.ResponseSpecification$statusCode$0.callCurrent(Unknown Source)
	at io.restassured.internal.ResponseSpecificationImpl.statusCode(ResponseSpecificationImpl.groovy:130)
	at io.restassured.internal.ValidatableResponseOptionsImpl.statusCode(ValidatableResponseOptionsImpl.java:117)
	at com.qa.tests.GETValidations.testHeaderParameter(GETValidations.java:120)
	at sun.reflect.NativeMethodAccessorImpl.invoke0(Native Method)
	at sun.reflect.NativeMethodAccessorImpl.invoke(NativeMethodAccessorImpl.java:62)
	at sun.reflect.DelegatingMethodAccessorImpl.invoke(DelegatingMethodAccessorImpl.java:43)
	at java.lang.reflect.Method.invoke(Method.java:498)
	at org.testng.internal.MethodInvocationHelper.invokeMethod(MethodInvocationHelper.java:85)
	at org.testng.internal.Invoker.invokeMethod(Invoker.java:639)
	at org.testng.internal.Invoker.invokeTestMethod(Invoker.java:816)
	at org.testng.internal.Invoker.invokeTestMethods(Invoker.java:1124)
	at org.testng.internal.TestMethodWorker.invokeTestMethods(TestMethodWorker.java:125)
	at org.testng.internal.TestMethodWorker.run(TestMethodWorker.java:108)
	at java.util.concurrent.ThreadPoolExecutor.runWorker(ThreadPoolExecutor.java:1149)
	at java.util.concurrent.ThreadPoolExecutor$Worker.run(ThreadPoolExecutor.java:624)
	at java.lang.Thread.run(Thread.java:748)
]]>
    </failure>
  </testcase> <!-- testHeaderParameter -->
  <testcase name="testHeader" time="2.553" classname="com.qa.tests.GETValidations"/>
  <testcase name="testSetCookies" time="1.830" classname="com.qa.tests.GETValidations"/>
</testsuite> <!-- com.qa.tests.GETValidations -->
